2025-08-02 14:03:16 INFO  [background-preinit] o.h.validator.internal.util.Version - HV000001: Hibernate Validator 8.0.2.Final
2025-08-02 14:03:16 INFO  [main] com.example.PPQ.PpqApplication - Starting PpqApplication using Java 21.0.5 with PID 16920 (D:\project_PPQ\PPQ\PPQ\target\classes started by Dell in D:\project_PPQ\PPQ\PPQ)
2025-08-02 14:03:16 INFO  [main] com.example.PPQ.PpqApplication - No active profile set, falling back to 1 default profile: "default"
2025-08-02 14:03:17 INFO  [main] o.s.d.r.c.RepositoryConfigurationDelegate - Multiple Spring Data modules found, entering strict repository configuration mode
2025-08-02 14:03:17 INFO  [main] o.s.d.r.c.RepositoryConfigurationDelegate - Bootstrapping Spring Data JPA repositories in DEFAULT mode.
2025-08-02 14:03:17 INFO  [main] o.s.d.r.c.RepositoryConfigurationDelegate - Finished Spring Data repository scanning in 240 ms. Found 11 JPA repository interfaces.
2025-08-02 14:03:17 INFO  [main] o.s.d.r.c.RepositoryConfigurationDelegate - Multiple Spring Data modules found, entering strict repository configuration mode
2025-08-02 14:03:17 INFO  [main] o.s.d.r.c.RepositoryConfigurationDelegate - Bootstrapping Spring Data Redis repositories in DEFAULT mode.
2025-08-02 14:03:17 INFO  [main] o.s.d.r.c.RepositoryConfigurationExtensionSupport - Spring Data Redis - Could not safely identify store assignment for repository candidate interface com.example.PPQ.respository.AttendanceRepo; If you want this repository to be a Redis repository, consider annotating your entities with one of these annotations: org.springframework.data.redis.core.RedisHash (preferred), or consider extending one of the following types with your repository: org.springframework.data.keyvalue.repository.KeyValueRepository
2025-08-02 14:03:17 INFO  [main] o.s.d.r.c.RepositoryConfigurationExtensionSupport - Spring Data Redis - Could not safely identify store assignment for repository candidate interface com.example.PPQ.respository.ClassRepository; If you want this repository to be a Redis repository, consider annotating your entities with one of these annotations: org.springframework.data.redis.core.RedisHash (preferred), or consider extending one of the following types with your repository: org.springframework.data.keyvalue.repository.KeyValueRepository
2025-08-02 14:03:17 INFO  [main] o.s.d.r.c.RepositoryConfigurationExtensionSupport - Spring Data Redis - Could not safely identify store assignment for repository candidate interface com.example.PPQ.respository.CourseRepository; If you want this repository to be a Redis repository, consider annotating your entities with one of these annotations: org.springframework.data.redis.core.RedisHash (preferred), or consider extending one of the following types with your repository: org.springframework.data.keyvalue.repository.KeyValueRepository
2025-08-02 14:03:17 INFO  [main] o.s.d.r.c.RepositoryConfigurationExtensionSupport - Spring Data Redis - Could not safely identify store assignment for repository candidate interface com.example.PPQ.respository.CourseStudentClassRepository; If you want this repository to be a Redis repository, consider annotating your entities with one of these annotations: org.springframework.data.redis.core.RedisHash (preferred), or consider extending one of the following types with your repository: org.springframework.data.keyvalue.repository.KeyValueRepository
2025-08-02 14:03:17 INFO  [main] o.s.d.r.c.RepositoryConfigurationExtensionSupport - Spring Data Redis - Could not safely identify store assignment for repository candidate interface com.example.PPQ.respository.PaymentRepository; If you want this repository to be a Redis repository, consider annotating your entities with one of these annotations: org.springframework.data.redis.core.RedisHash (preferred), or consider extending one of the following types with your repository: org.springframework.data.keyvalue.repository.KeyValueRepository
2025-08-02 14:03:17 INFO  [main] o.s.d.r.c.RepositoryConfigurationExtensionSupport - Spring Data Redis - Could not safely identify store assignment for repository candidate interface com.example.PPQ.respository.RoleRepository; If you want this repository to be a Redis repository, consider annotating your entities with one of these annotations: org.springframework.data.redis.core.RedisHash (preferred), or consider extending one of the following types with your repository: org.springframework.data.keyvalue.repository.KeyValueRepository
2025-08-02 14:03:17 INFO  [main] o.s.d.r.c.RepositoryConfigurationExtensionSupport - Spring Data Redis - Could not safely identify store assignment for repository candidate interface com.example.PPQ.respository.ScheduleRepository; If you want this repository to be a Redis repository, consider annotating your entities with one of these annotations: org.springframework.data.redis.core.RedisHash (preferred), or consider extending one of the following types with your repository: org.springframework.data.keyvalue.repository.KeyValueRepository
2025-08-02 14:03:17 INFO  [main] o.s.d.r.c.RepositoryConfigurationExtensionSupport - Spring Data Redis - Could not safely identify store assignment for repository candidate interface com.example.PPQ.respository.StudentCoreRepo; If you want this repository to be a Redis repository, consider annotating your entities with one of these annotations: org.springframework.data.redis.core.RedisHash (preferred), or consider extending one of the following types with your repository: org.springframework.data.keyvalue.repository.KeyValueRepository
2025-08-02 14:03:17 INFO  [main] o.s.d.r.c.RepositoryConfigurationExtensionSupport - Spring Data Redis - Could not safely identify store assignment for repository candidate interface com.example.PPQ.respository.StudentRepository; If you want this repository to be a Redis repository, consider annotating your entities with one of these annotations: org.springframework.data.redis.core.RedisHash (preferred), or consider extending one of the following types with your repository: org.springframework.data.keyvalue.repository.KeyValueRepository
2025-08-02 14:03:17 INFO  [main] o.s.d.r.c.RepositoryConfigurationExtensionSupport - Spring Data Redis - Could not safely identify store assignment for repository candidate interface com.example.PPQ.respository.TeacherRepository; If you want this repository to be a Redis repository, consider annotating your entities with one of these annotations: org.springframework.data.redis.core.RedisHash (preferred), or consider extending one of the following types with your repository: org.springframework.data.keyvalue.repository.KeyValueRepository
2025-08-02 14:03:17 INFO  [main] o.s.d.r.c.RepositoryConfigurationExtensionSupport - Spring Data Redis - Could not safely identify store assignment for repository candidate interface com.example.PPQ.respository.UsersRepository; If you want this repository to be a Redis repository, consider annotating your entities with one of these annotations: org.springframework.data.redis.core.RedisHash (preferred), or consider extending one of the following types with your repository: org.springframework.data.keyvalue.repository.KeyValueRepository
2025-08-02 14:03:17 INFO  [main] o.s.d.r.c.RepositoryConfigurationDelegate - Finished Spring Data repository scanning in 12 ms. Found 0 Redis repository interfaces.
2025-08-02 14:03:18 INFO  [main] o.s.b.w.e.tomcat.TomcatWebServer - Tomcat initialized with port 8080 (http)
2025-08-02 14:03:18 INFO  [main] o.a.coyote.http11.Http11NioProtocol - Initializing ProtocolHandler ["http-nio-8080"]
2025-08-02 14:03:18 INFO  [main] o.a.catalina.core.StandardService - Starting service [Tomcat]
2025-08-02 14:03:18 INFO  [main] o.a.catalina.core.StandardEngine - Starting Servlet engine: [Apache Tomcat/10.1.40]
2025-08-02 14:03:18 INFO  [main] o.a.c.c.C.[Tomcat].[localhost].[/] - Initializing Spring embedded WebApplicationContext
2025-08-02 14:03:18 INFO  [main] o.s.b.w.s.c.ServletWebServerApplicationContext - Root WebApplicationContext: initialization completed in 2589 ms
2025-08-02 14:03:19 INFO  [main] o.h.jpa.internal.util.LogHelper - HHH000204: Processing PersistenceUnitInfo [name: default]
2025-08-02 14:03:19 INFO  [main] org.hibernate.Version - HHH000412: Hibernate ORM core version 6.6.13.Final
2025-08-02 14:03:19 INFO  [main] o.h.c.i.RegionFactoryInitiator - HHH000026: Second-level cache disabled
2025-08-02 14:03:19 INFO  [main] o.s.o.j.p.SpringPersistenceUnitInfo - No LoadTimeWeaver setup: ignoring JPA class transformer
2025-08-02 14:03:19 INFO  [main] com.zaxxer.hikari.HikariDataSource - HikariPool-1 - Starting...
2025-08-02 14:03:20 INFO  [main] com.zaxxer.hikari.pool.HikariPool - HikariPool-1 - Added connection com.mysql.cj.jdbc.ConnectionImpl@a859c5
2025-08-02 14:03:20 INFO  [main] com.zaxxer.hikari.HikariDataSource - HikariPool-1 - Start completed.
2025-08-02 14:03:20 INFO  [main] o.hibernate.orm.connections.pooling - HHH10001005: Database info:
	Database JDBC URL [Connecting through datasource 'HikariDataSource (HikariPool-1)']
	Database driver: undefined/unknown
	Database version: 8.0
	Autocommit mode: undefined/unknown
	Isolation level: undefined/unknown
	Minimum pool size: undefined/unknown
	Maximum pool size: undefined/unknown
2025-08-02 14:03:21 INFO  [main] o.h.e.t.j.p.i.JtaPlatformInitiator - HHH000489: No JTA platform available (set 'hibernate.transaction.jta.platform' to enable JTA platform integration)
2025-08-02 14:03:21 INFO  [main] o.s.o.j.LocalContainerEntityManagerFactoryBean - Initialized JPA EntityManagerFactory for persistence unit 'default'
2025-08-02 14:03:21 INFO  [main] o.s.d.j.r.query.QueryEnhancerFactory - Hibernate is in classpath; If applicable, HQL parser will be used.
2025-08-02 14:03:23 INFO  [main] o.s.s.c.a.a.c.InitializeUserDetailsBeanManagerConfigurer$InitializeUserDetailsManagerConfigurer - Global AuthenticationManager configured with UserDetailsService bean with name customUserDetailsService
2025-08-02 14:03:25 INFO  [main] o.s.m.s.b.SimpleBrokerMessageHandler - Starting...
2025-08-02 14:03:25 INFO  [main] o.s.m.s.b.SimpleBrokerMessageHandler - BrokerAvailabilityEvent[available=true, SimpleBrokerMessageHandler [org.springframework.messaging.simp.broker.DefaultSubscriptionRegistry@529503b0]]
2025-08-02 14:03:25 INFO  [main] o.s.m.s.b.SimpleBrokerMessageHandler - Started.
2025-08-02 14:03:25 INFO  [main] o.a.coyote.http11.Http11NioProtocol - Starting ProtocolHandler ["http-nio-8080"]
2025-08-02 14:03:25 INFO  [main] o.s.b.w.e.tomcat.TomcatWebServer - Tomcat started on port 8080 (http) with context path '/'
2025-08-02 14:03:25 INFO  [main] com.example.PPQ.PpqApplication - Started PpqApplication in 10.483 seconds (process running for 11.348)
2025-08-02 14:03:48 INFO  [http-nio-8080-exec-2] o.a.c.c.C.[Tomcat].[localhost].[/] - Initializing Spring DispatcherServlet 'dispatcherServlet'
2025-08-02 14:03:48 INFO  [http-nio-8080-exec-2] o.s.web.servlet.DispatcherServlet - Initializing Servlet 'dispatcherServlet'
2025-08-02 14:03:48 INFO  [http-nio-8080-exec-2] o.s.web.servlet.DispatcherServlet - Completed initialization in 2 ms
2025-08-02 14:04:25 INFO  [MessageBroker-1] o.s.w.s.c.WebSocketMessageBrokerStats - WebSocketSession[0 current WS(0)-HttpStream(0)-HttpPoll(0), 0 total, 0 closed abnormally (0 connect failure, 0 send limit, 0 transport error)], stompSubProtocol[processed CONNECT(0)-CONNECTED(0)-DISCONNECT(0)], stompBrokerRelay[null], inboundChannel[pool size = 0, active threads = 0, queued tasks = 0, completed tasks = 0], outboundChannel[pool size = 0, active threads = 0, queued tasks = 0, completed tasks = 0], sockJsScheduler[pool size = 2, active threads = 1, queued tasks = 1, completed tasks = 0]
2025-08-02 14:05:10 INFO  [http-nio-8080-exec-6] c.example.PPQ.Config.LoggingAspect - ==> [START] CourseService.getAllCourses() with args = []
2025-08-02 14:05:10 INFO  [http-nio-8080-exec-6] c.example.PPQ.Config.LoggingAspect - <== [END] CourseService.getAllCourses() completed in 19 ms, result = [com.example.PPQ.Payload.Response.CourseDTO@7ff32d5f, com.example.PPQ.Payload.Response.CourseDTO@4bda8e7f, com.example.PPQ.Payload.Response.CourseDTO@51b1566a, com.example.PPQ.Payload.Response.CourseDTO@382508d0]
2025-08-02 14:06:49 INFO  [http-nio-8080-exec-10] c.example.PPQ.Config.LoggingAspect - ==> [START] CourseService.getAllCourses() with args = []
2025-08-02 14:06:49 INFO  [http-nio-8080-exec-9] c.example.PPQ.Config.LoggingAspect - ==> [START] CourseService.getAllLanguages() with args = []
2025-08-02 14:06:49 INFO  [http-nio-8080-exec-10] c.example.PPQ.Config.LoggingAspect - <== [END] CourseService.getAllCourses() completed in 6 ms, result = [com.example.PPQ.Payload.Response.CourseDTO@4da180b1, com.example.PPQ.Payload.Response.CourseDTO@6d230804, com.example.PPQ.Payload.Response.CourseDTO@646de5d, com.example.PPQ.Payload.Response.CourseDTO@7d765469]
2025-08-02 14:06:49 INFO  [http-nio-8080-exec-9] c.example.PPQ.Config.LoggingAspect - <== [END] CourseService.getAllLanguages() completed in 11 ms, result = [Tiếng Nhật, Tiếng Hàn]
2025-08-02 14:06:56 INFO  [http-nio-8080-exec-4] c.example.PPQ.Config.LoggingAspect - ==> [START] CourseService.getAllCourses() with args = []
2025-08-02 14:06:56 INFO  [http-nio-8080-exec-5] c.example.PPQ.Config.LoggingAspect - ==> [START] CourseService.getAllLanguages() with args = []
2025-08-02 14:06:56 INFO  [http-nio-8080-exec-5] c.example.PPQ.Config.LoggingAspect - <== [END] CourseService.getAllLanguages() completed in 4 ms, result = [Tiếng Nhật, Tiếng Hàn]
2025-08-02 14:06:56 INFO  [http-nio-8080-exec-4] c.example.PPQ.Config.LoggingAspect - <== [END] CourseService.getAllCourses() completed in 6 ms, result = [com.example.PPQ.Payload.Response.CourseDTO@3ac56593, com.example.PPQ.Payload.Response.CourseDTO@72fa60e3, com.example.PPQ.Payload.Response.CourseDTO@66830cfb, com.example.PPQ.Payload.Response.CourseDTO@1b129e33]
2025-08-02 14:16:08 INFO  [http-nio-8080-exec-6] c.example.PPQ.Config.LoggingAspect - ==> [START] UserService.getAllUserByRoleTeacher() with args = []
2025-08-02 14:16:08 INFO  [http-nio-8080-exec-6] c.example.PPQ.Config.LoggingAspect - <== [END] UserService.getAllUserByRoleTeacher() completed in 25 ms, result = []
2025-08-02 14:16:08 INFO  [http-nio-8080-exec-10] c.example.PPQ.Config.LoggingAspect - ==> [START] TeacherService.getAllTeacher() with args = []
2025-08-02 14:16:08 INFO  [http-nio-8080-exec-10] c.example.PPQ.Config.LoggingAspect - <== [END] TeacherService.getAllTeacher() completed in 4 ms, result = [com.example.PPQ.Payload.Response.TeacherDTO@3bfb42bb, com.example.PPQ.Payload.Response.TeacherDTO@77b5bb38]
2025-08-02 14:16:21 INFO  [http-nio-8080-exec-2] c.example.PPQ.Config.LoggingAspect - ==> [START] PaymentService.getAllPayments() with args = []
2025-08-02 14:16:21 INFO  [http-nio-8080-exec-2] c.example.PPQ.Config.LoggingAspect - <== [END] PaymentService.getAllPayments() completed in 74 ms, result = [com.example.PPQ.Payload.Response.PaymentRespone@524cc39, com.example.PPQ.Payload.Response.PaymentRespone@752c938, com.example.PPQ.Payload.Response.PaymentRespone@1f3c6e3b, com.example.PPQ.Payload.Response.PaymentRespone@5d9741b0, com.example.PPQ.Payload.Response.PaymentRespone@7ef10b3f, com.example.PPQ.Payload.Response.PaymentRespone@6f7b16d0, com.example.PPQ.Payload.Response.PaymentRespone@13caf0b2, com.example.PPQ.Payload.Response.PaymentRespone@74b7a9ba, com.example.PPQ.Payload.Response.PaymentRespone@2e9ece0, com.example.PPQ.Payload.Response.PaymentRespone@3513b7fb, com.example.PPQ.Payload.Response.PaymentRespone@71189e8b, com.example.PPQ.Payload.Response.PaymentRespone@38ab136b, com.example.PPQ.Payload.Response.PaymentRespone@75687672, com.example.PPQ.Payload.Response.PaymentRespone@5d6cbb4b, com.example.PPQ.Payload.Response.PaymentRespone@68358aab, com.example.PPQ.Payload.Response.PaymentRespone@865fc8d, com.example.PPQ.Payload.Response.PaymentRespone@3e88c015]
2025-08-02 14:17:22 INFO  [http-nio-8080-exec-3] c.example.PPQ.Config.LoggingAspect - ==> [START] UserService.getAllUserByRoleTeacher() with args = []
2025-08-02 14:17:22 INFO  [http-nio-8080-exec-3] c.example.PPQ.Config.LoggingAspect - <== [END] UserService.getAllUserByRoleTeacher() completed in 14 ms, result = []
2025-08-02 14:17:22 INFO  [http-nio-8080-exec-4] c.example.PPQ.Config.LoggingAspect - ==> [START] TeacherService.getAllTeacher() with args = []
2025-08-02 14:17:22 INFO  [http-nio-8080-exec-4] c.example.PPQ.Config.LoggingAspect - <== [END] TeacherService.getAllTeacher() completed in 5 ms, result = [com.example.PPQ.Payload.Response.TeacherDTO@41b3bffd, com.example.PPQ.Payload.Response.TeacherDTO@d235801]
2025-08-02 14:17:25 INFO  [http-nio-8080-exec-7] c.example.PPQ.Config.LoggingAspect - ==> [START] CourseService.getAllCourses() with args = []
2025-08-02 14:17:25 INFO  [http-nio-8080-exec-7] c.example.PPQ.Config.LoggingAspect - <== [END] CourseService.getAllCourses() completed in 7 ms, result = [com.example.PPQ.Payload.Response.CourseDTO@17a0f4ef, com.example.PPQ.Payload.Response.CourseDTO@65cf1091, com.example.PPQ.Payload.Response.CourseDTO@4aa2b763, com.example.PPQ.Payload.Response.CourseDTO@7bd7d88c]
2025-08-02 14:17:25 INFO  [http-nio-8080-exec-10] c.example.PPQ.Config.LoggingAspect - ==> [START] TeacherService.getAllTeacher() with args = []
2025-08-02 14:17:25 INFO  [http-nio-8080-exec-10] c.example.PPQ.Config.LoggingAspect - <== [END] TeacherService.getAllTeacher() completed in 3 ms, result = [com.example.PPQ.Payload.Response.TeacherDTO@1f919bff, com.example.PPQ.Payload.Response.TeacherDTO@66c8f1ca]
2025-08-02 14:19:13 INFO  [SpringApplicationShutdownHook] o.s.b.w.e.tomcat.GracefulShutdown - Commencing graceful shutdown. Waiting for active requests to complete
2025-08-02 14:19:13 INFO  [tomcat-shutdown] o.s.b.w.e.tomcat.GracefulShutdown - Graceful shutdown complete
2025-08-02 14:19:13 INFO  [SpringApplicationShutdownHook] o.s.m.s.b.SimpleBrokerMessageHandler - Stopping...
2025-08-02 14:19:13 INFO  [SpringApplicationShutdownHook] o.s.m.s.b.SimpleBrokerMessageHandler - BrokerAvailabilityEvent[available=false, SimpleBrokerMessageHandler [org.springframework.messaging.simp.broker.DefaultSubscriptionRegistry@529503b0]]
2025-08-02 14:19:13 INFO  [SpringApplicationShutdownHook] o.s.m.s.b.SimpleBrokerMessageHandler - Stopped.
2025-08-02 14:19:13 INFO  [SpringApplicationShutdownHook] o.s.o.j.LocalContainerEntityManagerFactoryBean - Closing JPA EntityManagerFactory for persistence unit 'default'
2025-08-02 14:19:13 INFO  [SpringApplicationShutdownHook] com.zaxxer.hikari.HikariDataSource - HikariPool-1 - Shutdown initiated...
2025-08-02 14:19:13 INFO  [SpringApplicationShutdownHook] com.zaxxer.hikari.HikariDataSource - HikariPool-1 - Shutdown completed.
2025-08-02 14:41:47 INFO  [background-preinit] o.h.validator.internal.util.Version - HV000001: Hibernate Validator 8.0.2.Final
2025-08-02 14:41:47 INFO  [main] com.example.PPQ.PpqApplication - Starting PpqApplication using Java 21.0.5 with PID 17872 (D:\project_PPQ\PPQ\PPQ\target\classes started by Dell in D:\project_PPQ\PPQ\PPQ)
2025-08-02 14:41:47 INFO  [main] com.example.PPQ.PpqApplication - No active profile set, falling back to 1 default profile: "default"
2025-08-02 14:41:48 INFO  [main] o.s.d.r.c.RepositoryConfigurationDelegate - Multiple Spring Data modules found, entering strict repository configuration mode
2025-08-02 14:41:48 INFO  [main] o.s.d.r.c.RepositoryConfigurationDelegate - Bootstrapping Spring Data JPA repositories in DEFAULT mode.
2025-08-02 14:41:48 INFO  [main] o.s.d.r.c.RepositoryConfigurationDelegate - Finished Spring Data repository scanning in 193 ms. Found 11 JPA repository interfaces.
2025-08-02 14:41:48 INFO  [main] o.s.d.r.c.RepositoryConfigurationDelegate - Multiple Spring Data modules found, entering strict repository configuration mode
2025-08-02 14:41:48 INFO  [main] o.s.d.r.c.RepositoryConfigurationDelegate - Bootstrapping Spring Data Redis repositories in DEFAULT mode.
2025-08-02 14:41:48 INFO  [main] o.s.d.r.c.RepositoryConfigurationExtensionSupport - Spring Data Redis - Could not safely identify store assignment for repository candidate interface com.example.PPQ.respository.AttendanceRepo; If you want this repository to be a Redis repository, consider annotating your entities with one of these annotations: org.springframework.data.redis.core.RedisHash (preferred), or consider extending one of the following types with your repository: org.springframework.data.keyvalue.repository.KeyValueRepository
2025-08-02 14:41:48 INFO  [main] o.s.d.r.c.RepositoryConfigurationExtensionSupport - Spring Data Redis - Could not safely identify store assignment for repository candidate interface com.example.PPQ.respository.ClassRepository; If you want this repository to be a Redis repository, consider annotating your entities with one of these annotations: org.springframework.data.redis.core.RedisHash (preferred), or consider extending one of the following types with your repository: org.springframework.data.keyvalue.repository.KeyValueRepository
2025-08-02 14:41:48 INFO  [main] o.s.d.r.c.RepositoryConfigurationExtensionSupport - Spring Data Redis - Could not safely identify store assignment for repository candidate interface com.example.PPQ.respository.CourseRepository; If you want this repository to be a Redis repository, consider annotating your entities with one of these annotations: org.springframework.data.redis.core.RedisHash (preferred), or consider extending one of the following types with your repository: org.springframework.data.keyvalue.repository.KeyValueRepository
2025-08-02 14:41:48 INFO  [main] o.s.d.r.c.RepositoryConfigurationExtensionSupport - Spring Data Redis - Could not safely identify store assignment for repository candidate interface com.example.PPQ.respository.CourseStudentClassRepository; If you want this repository to be a Redis repository, consider annotating your entities with one of these annotations: org.springframework.data.redis.core.RedisHash (preferred), or consider extending one of the following types with your repository: org.springframework.data.keyvalue.repository.KeyValueRepository
2025-08-02 14:41:48 INFO  [main] o.s.d.r.c.RepositoryConfigurationExtensionSupport - Spring Data Redis - Could not safely identify store assignment for repository candidate interface com.example.PPQ.respository.PaymentRepository; If you want this repository to be a Redis repository, consider annotating your entities with one of these annotations: org.springframework.data.redis.core.RedisHash (preferred), or consider extending one of the following types with your repository: org.springframework.data.keyvalue.repository.KeyValueRepository
2025-08-02 14:41:48 INFO  [main] o.s.d.r.c.RepositoryConfigurationExtensionSupport - Spring Data Redis - Could not safely identify store assignment for repository candidate interface com.example.PPQ.respository.RoleRepository; If you want this repository to be a Redis repository, consider annotating your entities with one of these annotations: org.springframework.data.redis.core.RedisHash (preferred), or consider extending one of the following types with your repository: org.springframework.data.keyvalue.repository.KeyValueRepository
2025-08-02 14:41:48 INFO  [main] o.s.d.r.c.RepositoryConfigurationExtensionSupport - Spring Data Redis - Could not safely identify store assignment for repository candidate interface com.example.PPQ.respository.ScheduleRepository; If you want this repository to be a Redis repository, consider annotating your entities with one of these annotations: org.springframework.data.redis.core.RedisHash (preferred), or consider extending one of the following types with your repository: org.springframework.data.keyvalue.repository.KeyValueRepository
2025-08-02 14:41:48 INFO  [main] o.s.d.r.c.RepositoryConfigurationExtensionSupport - Spring Data Redis - Could not safely identify store assignment for repository candidate interface com.example.PPQ.respository.StudentCoreRepo; If you want this repository to be a Redis repository, consider annotating your entities with one of these annotations: org.springframework.data.redis.core.RedisHash (preferred), or consider extending one of the following types with your repository: org.springframework.data.keyvalue.repository.KeyValueRepository
2025-08-02 14:41:48 INFO  [main] o.s.d.r.c.RepositoryConfigurationExtensionSupport - Spring Data Redis - Could not safely identify store assignment for repository candidate interface com.example.PPQ.respository.StudentRepository; If you want this repository to be a Redis repository, consider annotating your entities with one of these annotations: org.springframework.data.redis.core.RedisHash (preferred), or consider extending one of the following types with your repository: org.springframework.data.keyvalue.repository.KeyValueRepository
2025-08-02 14:41:48 INFO  [main] o.s.d.r.c.RepositoryConfigurationExtensionSupport - Spring Data Redis - Could not safely identify store assignment for repository candidate interface com.example.PPQ.respository.TeacherRepository; If you want this repository to be a Redis repository, consider annotating your entities with one of these annotations: org.springframework.data.redis.core.RedisHash (preferred), or consider extending one of the following types with your repository: org.springframework.data.keyvalue.repository.KeyValueRepository
2025-08-02 14:41:48 INFO  [main] o.s.d.r.c.RepositoryConfigurationExtensionSupport - Spring Data Redis - Could not safely identify store assignment for repository candidate interface com.example.PPQ.respository.UsersRepository; If you want this repository to be a Redis repository, consider annotating your entities with one of these annotations: org.springframework.data.redis.core.RedisHash (preferred), or consider extending one of the following types with your repository: org.springframework.data.keyvalue.repository.KeyValueRepository
2025-08-02 14:41:48 INFO  [main] o.s.d.r.c.RepositoryConfigurationDelegate - Finished Spring Data repository scanning in 12 ms. Found 0 Redis repository interfaces.
2025-08-02 14:41:49 INFO  [main] o.s.b.w.e.tomcat.TomcatWebServer - Tomcat initialized with port 8080 (http)
2025-08-02 14:41:49 INFO  [main] o.a.coyote.http11.Http11NioProtocol - Initializing ProtocolHandler ["http-nio-8080"]
2025-08-02 14:41:49 INFO  [main] o.a.catalina.core.StandardService - Starting service [Tomcat]
2025-08-02 14:41:49 INFO  [main] o.a.catalina.core.StandardEngine - Starting Servlet engine: [Apache Tomcat/10.1.40]
2025-08-02 14:41:49 INFO  [main] o.a.c.c.C.[Tomcat].[localhost].[/] - Initializing Spring embedded WebApplicationContext
2025-08-02 14:41:49 INFO  [main] o.s.b.w.s.c.ServletWebServerApplicationContext - Root WebApplicationContext: initialization completed in 2258 ms
2025-08-02 14:41:50 INFO  [main] o.h.jpa.internal.util.LogHelper - HHH000204: Processing PersistenceUnitInfo [name: default]
2025-08-02 14:41:50 INFO  [main] org.hibernate.Version - HHH000412: Hibernate ORM core version 6.6.13.Final
2025-08-02 14:41:50 INFO  [main] o.h.c.i.RegionFactoryInitiator - HHH000026: Second-level cache disabled
2025-08-02 14:41:50 INFO  [main] o.s.o.j.p.SpringPersistenceUnitInfo - No LoadTimeWeaver setup: ignoring JPA class transformer
2025-08-02 14:41:50 INFO  [main] com.zaxxer.hikari.HikariDataSource - HikariPool-1 - Starting...
2025-08-02 14:41:51 INFO  [main] com.zaxxer.hikari.pool.HikariPool - HikariPool-1 - Added connection com.mysql.cj.jdbc.ConnectionImpl@a859c5
2025-08-02 14:41:51 INFO  [main] com.zaxxer.hikari.HikariDataSource - HikariPool-1 - Start completed.
2025-08-02 14:41:51 INFO  [main] o.hibernate.orm.connections.pooling - HHH10001005: Database info:
	Database JDBC URL [Connecting through datasource 'HikariDataSource (HikariPool-1)']
	Database driver: undefined/unknown
	Database version: 8.0
	Autocommit mode: undefined/unknown
	Isolation level: undefined/unknown
	Minimum pool size: undefined/unknown
	Maximum pool size: undefined/unknown
2025-08-02 14:41:52 INFO  [main] o.h.e.t.j.p.i.JtaPlatformInitiator - HHH000489: No JTA platform available (set 'hibernate.transaction.jta.platform' to enable JTA platform integration)
2025-08-02 14:41:52 INFO  [main] o.s.o.j.LocalContainerEntityManagerFactoryBean - Initialized JPA EntityManagerFactory for persistence unit 'default'
2025-08-02 14:41:53 INFO  [main] o.s.d.j.r.query.QueryEnhancerFactory - Hibernate is in classpath; If applicable, HQL parser will be used.
2025-08-02 14:41:54 INFO  [main] o.s.s.c.a.a.c.InitializeUserDetailsBeanManagerConfigurer$InitializeUserDetailsManagerConfigurer - Global AuthenticationManager configured with UserDetailsService bean with name customUserDetailsService
2025-08-02 14:41:56 INFO  [main] o.s.m.s.b.SimpleBrokerMessageHandler - Starting...
2025-08-02 14:41:56 INFO  [main] o.s.m.s.b.SimpleBrokerMessageHandler - BrokerAvailabilityEvent[available=true, SimpleBrokerMessageHandler [org.springframework.messaging.simp.broker.DefaultSubscriptionRegistry@288f3ac6]]
2025-08-02 14:41:56 INFO  [main] o.s.m.s.b.SimpleBrokerMessageHandler - Started.
2025-08-02 14:41:56 INFO  [main] o.a.coyote.http11.Http11NioProtocol - Starting ProtocolHandler ["http-nio-8080"]
2025-08-02 14:41:56 INFO  [main] o.s.b.w.e.tomcat.TomcatWebServer - Tomcat started on port 8080 (http) with context path '/'
2025-08-02 14:41:56 INFO  [main] com.example.PPQ.PpqApplication - Started PpqApplication in 9.992 seconds (process running for 10.796)
2025-08-02 14:42:26 INFO  [SpringApplicationShutdownHook] o.s.b.w.e.tomcat.GracefulShutdown - Commencing graceful shutdown. Waiting for active requests to complete
2025-08-02 14:42:26 INFO  [tomcat-shutdown] o.s.b.w.e.tomcat.GracefulShutdown - Graceful shutdown complete
2025-08-02 14:42:26 INFO  [SpringApplicationShutdownHook] o.s.m.s.b.SimpleBrokerMessageHandler - Stopping...
2025-08-02 14:42:26 INFO  [SpringApplicationShutdownHook] o.s.m.s.b.SimpleBrokerMessageHandler - BrokerAvailabilityEvent[available=false, SimpleBrokerMessageHandler [org.springframework.messaging.simp.broker.DefaultSubscriptionRegistry@288f3ac6]]
2025-08-02 14:42:26 INFO  [SpringApplicationShutdownHook] o.s.m.s.b.SimpleBrokerMessageHandler - Stopped.
2025-08-02 14:42:26 INFO  [SpringApplicationShutdownHook] o.s.o.j.LocalContainerEntityManagerFactoryBean - Closing JPA EntityManagerFactory for persistence unit 'default'
2025-08-02 14:42:26 INFO  [SpringApplicationShutdownHook] com.zaxxer.hikari.HikariDataSource - HikariPool-1 - Shutdown initiated...
2025-08-02 14:42:26 INFO  [SpringApplicationShutdownHook] com.zaxxer.hikari.HikariDataSource - HikariPool-1 - Shutdown completed.
2025-08-02 14:42:31 INFO  [background-preinit] o.h.validator.internal.util.Version - HV000001: Hibernate Validator 8.0.2.Final
2025-08-02 14:42:31 INFO  [main] com.example.PPQ.PpqApplication - Starting PpqApplication using Java 21.0.5 with PID 14272 (D:\project_PPQ\PPQ\PPQ\target\classes started by Dell in D:\project_PPQ\PPQ\PPQ)
2025-08-02 14:42:31 INFO  [main] com.example.PPQ.PpqApplication - No active profile set, falling back to 1 default profile: "default"
2025-08-02 14:42:32 INFO  [main] o.s.d.r.c.RepositoryConfigurationDelegate - Multiple Spring Data modules found, entering strict repository configuration mode
2025-08-02 14:42:32 INFO  [main] o.s.d.r.c.RepositoryConfigurationDelegate - Bootstrapping Spring Data JPA repositories in DEFAULT mode.
2025-08-02 14:42:32 INFO  [main] o.s.d.r.c.RepositoryConfigurationDelegate - Finished Spring Data repository scanning in 189 ms. Found 11 JPA repository interfaces.
2025-08-02 14:42:32 INFO  [main] o.s.d.r.c.RepositoryConfigurationDelegate - Multiple Spring Data modules found, entering strict repository configuration mode
2025-08-02 14:42:32 INFO  [main] o.s.d.r.c.RepositoryConfigurationDelegate - Bootstrapping Spring Data Redis repositories in DEFAULT mode.
2025-08-02 14:42:32 INFO  [main] o.s.d.r.c.RepositoryConfigurationExtensionSupport - Spring Data Redis - Could not safely identify store assignment for repository candidate interface com.example.PPQ.respository.AttendanceRepo; If you want this repository to be a Redis repository, consider annotating your entities with one of these annotations: org.springframework.data.redis.core.RedisHash (preferred), or consider extending one of the following types with your repository: org.springframework.data.keyvalue.repository.KeyValueRepository
2025-08-02 14:42:32 INFO  [main] o.s.d.r.c.RepositoryConfigurationExtensionSupport - Spring Data Redis - Could not safely identify store assignment for repository candidate interface com.example.PPQ.respository.ClassRepository; If you want this repository to be a Redis repository, consider annotating your entities with one of these annotations: org.springframework.data.redis.core.RedisHash (preferred), or consider extending one of the following types with your repository: org.springframework.data.keyvalue.repository.KeyValueRepository
2025-08-02 14:42:32 INFO  [main] o.s.d.r.c.RepositoryConfigurationExtensionSupport - Spring Data Redis - Could not safely identify store assignment for repository candidate interface com.example.PPQ.respository.CourseRepository; If you want this repository to be a Redis repository, consider annotating your entities with one of these annotations: org.springframework.data.redis.core.RedisHash (preferred), or consider extending one of the following types with your repository: org.springframework.data.keyvalue.repository.KeyValueRepository
2025-08-02 14:42:32 INFO  [main] o.s.d.r.c.RepositoryConfigurationExtensionSupport - Spring Data Redis - Could not safely identify store assignment for repository candidate interface com.example.PPQ.respository.CourseStudentClassRepository; If you want this repository to be a Redis repository, consider annotating your entities with one of these annotations: org.springframework.data.redis.core.RedisHash (preferred), or consider extending one of the following types with your repository: org.springframework.data.keyvalue.repository.KeyValueRepository
2025-08-02 14:42:32 INFO  [main] o.s.d.r.c.RepositoryConfigurationExtensionSupport - Spring Data Redis - Could not safely identify store assignment for repository candidate interface com.example.PPQ.respository.PaymentRepository; If you want this repository to be a Redis repository, consider annotating your entities with one of these annotations: org.springframework.data.redis.core.RedisHash (preferred), or consider extending one of the following types with your repository: org.springframework.data.keyvalue.repository.KeyValueRepository
2025-08-02 14:42:32 INFO  [main] o.s.d.r.c.RepositoryConfigurationExtensionSupport - Spring Data Redis - Could not safely identify store assignment for repository candidate interface com.example.PPQ.respository.RoleRepository; If you want this repository to be a Redis repository, consider annotating your entities with one of these annotations: org.springframework.data.redis.core.RedisHash (preferred), or consider extending one of the following types with your repository: org.springframework.data.keyvalue.repository.KeyValueRepository
2025-08-02 14:42:32 INFO  [main] o.s.d.r.c.RepositoryConfigurationExtensionSupport - Spring Data Redis - Could not safely identify store assignment for repository candidate interface com.example.PPQ.respository.ScheduleRepository; If you want this repository to be a Redis repository, consider annotating your entities with one of these annotations: org.springframework.data.redis.core.RedisHash (preferred), or consider extending one of the following types with your repository: org.springframework.data.keyvalue.repository.KeyValueRepository
2025-08-02 14:42:32 INFO  [main] o.s.d.r.c.RepositoryConfigurationExtensionSupport - Spring Data Redis - Could not safely identify store assignment for repository candidate interface com.example.PPQ.respository.StudentCoreRepo; If you want this repository to be a Redis repository, consider annotating your entities with one of these annotations: org.springframework.data.redis.core.RedisHash (preferred), or consider extending one of the following types with your repository: org.springframework.data.keyvalue.repository.KeyValueRepository
2025-08-02 14:42:32 INFO  [main] o.s.d.r.c.RepositoryConfigurationExtensionSupport - Spring Data Redis - Could not safely identify store assignment for repository candidate interface com.example.PPQ.respository.StudentRepository; If you want this repository to be a Redis repository, consider annotating your entities with one of these annotations: org.springframework.data.redis.core.RedisHash (preferred), or consider extending one of the following types with your repository: org.springframework.data.keyvalue.repository.KeyValueRepository
2025-08-02 14:42:32 INFO  [main] o.s.d.r.c.RepositoryConfigurationExtensionSupport - Spring Data Redis - Could not safely identify store assignment for repository candidate interface com.example.PPQ.respository.TeacherRepository; If you want this repository to be a Redis repository, consider annotating your entities with one of these annotations: org.springframework.data.redis.core.RedisHash (preferred), or consider extending one of the following types with your repository: org.springframework.data.keyvalue.repository.KeyValueRepository
2025-08-02 14:42:32 INFO  [main] o.s.d.r.c.RepositoryConfigurationExtensionSupport - Spring Data Redis - Could not safely identify store assignment for repository candidate interface com.example.PPQ.respository.UsersRepository; If you want this repository to be a Redis repository, consider annotating your entities with one of these annotations: org.springframework.data.redis.core.RedisHash (preferred), or consider extending one of the following types with your repository: org.springframework.data.keyvalue.repository.KeyValueRepository
2025-08-02 14:42:32 INFO  [main] o.s.d.r.c.RepositoryConfigurationDelegate - Finished Spring Data repository scanning in 12 ms. Found 0 Redis repository interfaces.
2025-08-02 14:42:33 INFO  [main] o.s.b.w.e.tomcat.TomcatWebServer - Tomcat initialized with port 8080 (http)
2025-08-02 14:42:33 INFO  [main] o.a.coyote.http11.Http11NioProtocol - Initializing ProtocolHandler ["http-nio-8080"]
2025-08-02 14:42:33 INFO  [main] o.a.catalina.core.StandardService - Starting service [Tomcat]
2025-08-02 14:42:33 INFO  [main] o.a.catalina.core.StandardEngine - Starting Servlet engine: [Apache Tomcat/10.1.40]
2025-08-02 14:42:33 INFO  [main] o.a.c.c.C.[Tomcat].[localhost].[/] - Initializing Spring embedded WebApplicationContext
2025-08-02 14:42:33 INFO  [main] o.s.b.w.s.c.ServletWebServerApplicationContext - Root WebApplicationContext: initialization completed in 2156 ms
2025-08-02 14:42:34 INFO  [main] o.h.jpa.internal.util.LogHelper - HHH000204: Processing PersistenceUnitInfo [name: default]
2025-08-02 14:42:34 INFO  [main] org.hibernate.Version - HHH000412: Hibernate ORM core version 6.6.13.Final
2025-08-02 14:42:34 INFO  [main] o.h.c.i.RegionFactoryInitiator - HHH000026: Second-level cache disabled
2025-08-02 14:42:34 INFO  [main] o.s.o.j.p.SpringPersistenceUnitInfo - No LoadTimeWeaver setup: ignoring JPA class transformer
2025-08-02 14:42:34 INFO  [main] com.zaxxer.hikari.HikariDataSource - HikariPool-1 - Starting...
2025-08-02 14:42:35 INFO  [main] com.zaxxer.hikari.pool.HikariPool - HikariPool-1 - Added connection com.mysql.cj.jdbc.ConnectionImpl@75f2ff80
2025-08-02 14:42:35 INFO  [main] com.zaxxer.hikari.HikariDataSource - HikariPool-1 - Start completed.
2025-08-02 14:42:35 INFO  [main] o.hibernate.orm.connections.pooling - HHH10001005: Database info:
	Database JDBC URL [Connecting through datasource 'HikariDataSource (HikariPool-1)']
	Database driver: undefined/unknown
	Database version: 8.0
	Autocommit mode: undefined/unknown
	Isolation level: undefined/unknown
	Minimum pool size: undefined/unknown
	Maximum pool size: undefined/unknown
2025-08-02 14:42:36 INFO  [main] o.h.e.t.j.p.i.JtaPlatformInitiator - HHH000489: No JTA platform available (set 'hibernate.transaction.jta.platform' to enable JTA platform integration)
2025-08-02 14:42:36 INFO  [main] o.s.o.j.LocalContainerEntityManagerFactoryBean - Initialized JPA EntityManagerFactory for persistence unit 'default'
2025-08-02 14:42:36 INFO  [main] o.s.d.j.r.query.QueryEnhancerFactory - Hibernate is in classpath; If applicable, HQL parser will be used.
2025-08-02 14:42:38 INFO  [main] o.s.s.c.a.a.c.InitializeUserDetailsBeanManagerConfigurer$InitializeUserDetailsManagerConfigurer - Global AuthenticationManager configured with UserDetailsService bean with name customUserDetailsService
2025-08-02 14:42:40 INFO  [main] o.s.m.s.b.SimpleBrokerMessageHandler - Starting...
2025-08-02 14:42:40 INFO  [main] o.s.m.s.b.SimpleBrokerMessageHandler - BrokerAvailabilityEvent[available=true, SimpleBrokerMessageHandler [org.springframework.messaging.simp.broker.DefaultSubscriptionRegistry@225bc6d6]]
2025-08-02 14:42:40 INFO  [main] o.s.m.s.b.SimpleBrokerMessageHandler - Started.
2025-08-02 14:42:40 INFO  [main] o.a.coyote.http11.Http11NioProtocol - Starting ProtocolHandler ["http-nio-8080"]
2025-08-02 14:42:40 INFO  [main] o.s.b.w.e.tomcat.TomcatWebServer - Tomcat started on port 8080 (http) with context path '/'
2025-08-02 14:42:40 INFO  [main] com.example.PPQ.PpqApplication - Started PpqApplication in 9.755 seconds (process running for 10.554)
2025-08-02 14:42:52 INFO  [http-nio-8080-exec-1] o.a.c.c.C.[Tomcat].[localhost].[/] - Initializing Spring DispatcherServlet 'dispatcherServlet'
2025-08-02 14:42:52 INFO  [http-nio-8080-exec-1] o.s.web.servlet.DispatcherServlet - Initializing Servlet 'dispatcherServlet'
2025-08-02 14:42:52 INFO  [http-nio-8080-exec-1] o.s.web.servlet.DispatcherServlet - Completed initialization in 1 ms
2025-08-02 14:42:52 INFO  [http-nio-8080-exec-3] c.example.PPQ.Config.LoggingAspect - ==> LOGGING: com.example.PPQ.ServiceImp.UserServiceImp.UserService.getAllUserByRoleTeacher()()
2025-08-02 14:42:52 INFO  [http-nio-8080-exec-3] c.example.PPQ.Config.LoggingAspect - <== [END] UserService.getAllUserByRoleTeacher() completed in 24 ms, result = []
2025-08-02 14:42:52 INFO  [http-nio-8080-exec-4] c.example.PPQ.Config.LoggingAspect - ==> LOGGING: com.example.PPQ.ServiceImp.TeacherServiceImp.TeacherService.getAllTeacher()()
2025-08-02 14:42:52 INFO  [http-nio-8080-exec-4] c.example.PPQ.Config.LoggingAspect - <== [END] TeacherService.getAllTeacher() completed in 10 ms, result = [com.example.PPQ.Payload.Response.TeacherDTO@34a005e, com.example.PPQ.Payload.Response.TeacherDTO@195bfb8e]
2025-08-02 14:42:55 INFO  [http-nio-8080-exec-5] c.example.PPQ.Config.LoggingAspect - ==> LOGGING: com.example.PPQ.ServiceImp.UserServiceImp.UserService.getAllUserByRoleTeacher()()
2025-08-02 14:42:55 INFO  [http-nio-8080-exec-5] c.example.PPQ.Config.LoggingAspect - <== [END] UserService.getAllUserByRoleTeacher() completed in 13 ms, result = []
2025-08-02 14:42:55 INFO  [http-nio-8080-exec-6] c.example.PPQ.Config.LoggingAspect - ==> LOGGING: com.example.PPQ.ServiceImp.TeacherServiceImp.TeacherService.getAllTeacher()()
2025-08-02 14:42:55 INFO  [http-nio-8080-exec-6] c.example.PPQ.Config.LoggingAspect - <== [END] TeacherService.getAllTeacher() completed in 5 ms, result = [com.example.PPQ.Payload.Response.TeacherDTO@3d8ead06, com.example.PPQ.Payload.Response.TeacherDTO@30e9f1a7]
2025-08-02 14:43:24 INFO  [http-nio-8080-exec-8] c.example.PPQ.Config.LoggingAspect - ==> LOGGING: com.example.PPQ.ServiceImp.TeacherServiceImp.TeacherService.updateTeacher(..)()
2025-08-02 14:43:32 INFO  [http-nio-8080-exec-1] c.example.PPQ.Config.LoggingAspect - ==> LOGGING: com.example.PPQ.ServiceImp.CourseServiceImp.CourseService.getAllCourses()()
2025-08-02 14:43:32 INFO  [http-nio-8080-exec-10] c.example.PPQ.Config.LoggingAspect - ==> LOGGING: com.example.PPQ.ServiceImp.CourseServiceImp.CourseService.getAllLanguages()()
2025-08-02 14:43:32 INFO  [http-nio-8080-exec-10] c.example.PPQ.Config.LoggingAspect - <== [END] CourseService.getAllLanguages() completed in 6 ms, result = [Tiếng Nhật, Tiếng Hàn]
2025-08-02 14:43:32 INFO  [http-nio-8080-exec-1] c.example.PPQ.Config.LoggingAspect - <== [END] CourseService.getAllCourses() completed in 8 ms, result = [com.example.PPQ.Payload.Response.CourseDTO@78a0a0c6, com.example.PPQ.Payload.Response.CourseDTO@586a0154, com.example.PPQ.Payload.Response.CourseDTO@214d7f51, com.example.PPQ.Payload.Response.CourseDTO@7e684d92]
2025-08-02 14:43:40 INFO  [MessageBroker-1] o.s.w.s.c.WebSocketMessageBrokerStats - WebSocketSession[0 current WS(0)-HttpStream(0)-HttpPoll(0), 0 total, 0 closed abnormally (0 connect failure, 0 send limit, 0 transport error)], stompSubProtocol[processed CONNECT(0)-CONNECTED(0)-DISCONNECT(0)], stompBrokerRelay[null], inboundChannel[pool size = 0, active threads = 0, queued tasks = 0, completed tasks = 0], outboundChannel[pool size = 0, active threads = 0, queued tasks = 0, completed tasks = 0], sockJsScheduler[pool size = 2, active threads = 1, queued tasks = 1, completed tasks = 0]
2025-08-02 14:43:42 INFO  [http-nio-8080-exec-10] c.example.PPQ.Config.LoggingAspect - ==> LOGGING: com.example.PPQ.ServiceImp.UserServiceImp.UserService.getAllUserByRoleTeacher()()
2025-08-02 14:43:42 INFO  [http-nio-8080-exec-10] c.example.PPQ.Config.LoggingAspect - <== [END] UserService.getAllUserByRoleTeacher() completed in 14 ms, result = []
2025-08-02 14:43:42 INFO  [http-nio-8080-exec-3] c.example.PPQ.Config.LoggingAspect - ==> LOGGING: com.example.PPQ.ServiceImp.TeacherServiceImp.TeacherService.getAllTeacher()()
2025-08-02 14:43:42 INFO  [http-nio-8080-exec-3] c.example.PPQ.Config.LoggingAspect - <== [END] TeacherService.getAllTeacher() completed in 3 ms, result = [com.example.PPQ.Payload.Response.TeacherDTO@3b8d4d2d, com.example.PPQ.Payload.Response.TeacherDTO@1d7f1f4c]
2025-08-02 14:43:47 INFO  [http-nio-8080-exec-4] c.example.PPQ.Config.LoggingAspect - ==> LOGGING: com.example.PPQ.ServiceImp.TeacherServiceImp.TeacherService.updateTeacher(..)()
2025-08-02 14:44:31 INFO  [http-nio-8080-exec-6] c.example.PPQ.Config.LoggingAspect - ==> LOGGING: com.example.PPQ.ServiceImp.CourseServiceImp.CourseService.getAllCourses()()
2025-08-02 14:44:31 INFO  [http-nio-8080-exec-6] c.example.PPQ.Config.LoggingAspect - <== [END] CourseService.getAllCourses() completed in 6 ms, result = [com.example.PPQ.Payload.Response.CourseDTO@c5cdf18, com.example.PPQ.Payload.Response.CourseDTO@97a69d8, com.example.PPQ.Payload.Response.CourseDTO@348bb925, com.example.PPQ.Payload.Response.CourseDTO@7146a5f0]
2025-08-02 14:44:31 INFO  [http-nio-8080-exec-8] c.example.PPQ.Config.LoggingAspect - ==> LOGGING: com.example.PPQ.ServiceImp.TeacherServiceImp.TeacherService.getAllTeacher()()
2025-08-02 14:44:31 INFO  [http-nio-8080-exec-8] c.example.PPQ.Config.LoggingAspect - <== [END] TeacherService.getAllTeacher() completed in 5 ms, result = [com.example.PPQ.Payload.Response.TeacherDTO@40a4697a, com.example.PPQ.Payload.Response.TeacherDTO@17019039]
2025-08-02 14:44:31 INFO  [http-nio-8080-exec-10] c.example.PPQ.Config.LoggingAspect - ==> LOGGING: com.example.PPQ.ServiceImp.ClassServiceImp.ClassServiceImp.getAllClasses()()
2025-08-02 14:44:31 INFO  [http-nio-8080-exec-10] c.example.PPQ.Config.LoggingAspect - <== [END] ClassServiceImp.getAllClasses() completed in 48 ms, result = [com.example.PPQ.Payload.Response.ClassDTO@32de7883, com.example.PPQ.Payload.Response.ClassDTO@143ce950, com.example.PPQ.Payload.Response.ClassDTO@61f7c693, com.example.PPQ.Payload.Response.ClassDTO@30779b72]
2025-08-02 14:44:41 INFO  [http-nio-8080-exec-5] c.example.PPQ.Config.LoggingAspect - ==> LOGGING: com.example.PPQ.ServiceImp.ClassServiceImp.ClassServiceImp.updateClass(..)()
2025-08-02 14:44:41 INFO  [http-nio-8080-exec-5] c.example.PPQ.Config.LoggingAspect - <== [END] ClassServiceImp.updateClass(..) completed in 9 ms, result = null
2025-08-02 14:44:41 INFO  [http-nio-8080-exec-7] c.example.PPQ.Config.LoggingAspect - ==> LOGGING: com.example.PPQ.ServiceImp.ClassServiceImp.ClassServiceImp.getAllClasses()()
2025-08-02 14:44:41 INFO  [http-nio-8080-exec-7] c.example.PPQ.Config.LoggingAspect - <== [END] ClassServiceImp.getAllClasses() completed in 5 ms, result = [com.example.PPQ.Payload.Response.ClassDTO@dac1c7b, com.example.PPQ.Payload.Response.ClassDTO@780c6884, com.example.PPQ.Payload.Response.ClassDTO@3c6b52d3, com.example.PPQ.Payload.Response.ClassDTO@21788f]
2025-08-02 14:45:50 INFO  [http-nio-8080-exec-3] c.example.PPQ.Config.LoggingAspect - ==> LOGGING: com.example.PPQ.ServiceImp.CourseServiceImp.CourseService.getAllCourses()()
2025-08-02 14:45:50 INFO  [http-nio-8080-exec-3] c.example.PPQ.Config.LoggingAspect - <== [END] CourseService.getAllCourses() completed in 5 ms, result = [com.example.PPQ.Payload.Response.CourseDTO@26bea150, com.example.PPQ.Payload.Response.CourseDTO@96399ac, com.example.PPQ.Payload.Response.CourseDTO@56036194, com.example.PPQ.Payload.Response.CourseDTO@151fd3f3]
2025-08-02 14:45:50 INFO  [http-nio-8080-exec-1] c.example.PPQ.Config.LoggingAspect - ==> LOGGING: com.example.PPQ.ServiceImp.CourseServiceImp.CourseService.getAllCourses()()
2025-08-02 14:45:50 INFO  [http-nio-8080-exec-1] c.example.PPQ.Config.LoggingAspect - <== [END] CourseService.getAllCourses() completed in 3 ms, result = [com.example.PPQ.Payload.Response.CourseDTO@3a33ce07, com.example.PPQ.Payload.Response.CourseDTO@6b9f4b8d, com.example.PPQ.Payload.Response.CourseDTO@24fa3bab, com.example.PPQ.Payload.Response.CourseDTO@6dae0526]
2025-08-02 14:46:20 INFO  [http-nio-8080-exec-2] c.example.PPQ.Config.LoggingAspect - ==> LOGGING: com.example.PPQ.ServiceImp.CourseServiceImp.CourseService.updateCourse(..)()
2025-08-02 14:46:20 INFO  [http-nio-8080-exec-2] c.example.PPQ.Config.LoggingAspect - <== [END] CourseService.updateCourse(..) completed in 98 ms, result = null
2025-08-02 14:46:20 INFO  [http-nio-8080-exec-4] c.example.PPQ.Config.LoggingAspect - ==> LOGGING: com.example.PPQ.ServiceImp.CourseServiceImp.CourseService.getAllCourses()()
2025-08-02 14:46:20 INFO  [http-nio-8080-exec-4] c.example.PPQ.Config.LoggingAspect - <== [END] CourseService.getAllCourses() completed in 4 ms, result = [com.example.PPQ.Payload.Response.CourseDTO@2364e408, com.example.PPQ.Payload.Response.CourseDTO@5bc1abc7, com.example.PPQ.Payload.Response.CourseDTO@fabaf9d, com.example.PPQ.Payload.Response.CourseDTO@5fc5d372]
2025-08-02 14:54:35 INFO  [SpringApplicationShutdownHook] o.s.b.w.e.tomcat.GracefulShutdown - Commencing graceful shutdown. Waiting for active requests to complete
2025-08-02 14:54:35 INFO  [tomcat-shutdown] o.s.b.w.e.tomcat.GracefulShutdown - Graceful shutdown complete
2025-08-02 14:54:36 INFO  [SpringApplicationShutdownHook] o.s.m.s.b.SimpleBrokerMessageHandler - Stopping...
2025-08-02 14:54:36 INFO  [SpringApplicationShutdownHook] o.s.m.s.b.SimpleBrokerMessageHandler - BrokerAvailabilityEvent[available=false, SimpleBrokerMessageHandler [org.springframework.messaging.simp.broker.DefaultSubscriptionRegistry@225bc6d6]]
2025-08-02 14:54:36 INFO  [SpringApplicationShutdownHook] o.s.m.s.b.SimpleBrokerMessageHandler - Stopped.
2025-08-02 14:54:36 INFO  [SpringApplicationShutdownHook] o.s.o.j.LocalContainerEntityManagerFactoryBean - Closing JPA EntityManagerFactory for persistence unit 'default'
2025-08-02 14:54:36 INFO  [SpringApplicationShutdownHook] com.zaxxer.hikari.HikariDataSource - HikariPool-1 - Shutdown initiated...
2025-08-02 14:54:36 INFO  [SpringApplicationShutdownHook] com.zaxxer.hikari.HikariDataSource - HikariPool-1 - Shutdown completed.
