2025-08-11 16:06:52 INFO  [background-preinit] o.h.validator.internal.util.Version - HV000001: Hibernate Validator 8.0.2.Final
2025-08-11 16:06:52 INFO  [main] com.example.PPQ.PpqApplication - Starting PpqApplication using Java 21.0.5 with PID 12540 (D:\project_PPQ\PPQ\PPQ\target\classes started by Dell in D:\project_PPQ\PPQ\PPQ)
2025-08-11 16:06:52 INFO  [main] com.example.PPQ.PpqApplication - No active profile set, falling back to 1 default profile: "default"
2025-08-11 16:06:54 INFO  [main] o.s.d.r.c.RepositoryConfigurationDelegate - Multiple Spring Data modules found, entering strict repository configuration mode
2025-08-11 16:06:54 INFO  [main] o.s.d.r.c.RepositoryConfigurationDelegate - Bootstrapping Spring Data JPA repositories in DEFAULT mode.
2025-08-11 16:06:54 INFO  [main] o.s.d.r.c.RepositoryConfigurationDelegate - Finished Spring Data repository scanning in 260 ms. Found 11 JPA repository interfaces.
2025-08-11 16:06:54 INFO  [main] o.s.d.r.c.RepositoryConfigurationDelegate - Multiple Spring Data modules found, entering strict repository configuration mode
2025-08-11 16:06:54 INFO  [main] o.s.d.r.c.RepositoryConfigurationDelegate - Bootstrapping Spring Data Redis repositories in DEFAULT mode.
2025-08-11 16:06:54 INFO  [main] o.s.d.r.c.RepositoryConfigurationExtensionSupport - Spring Data Redis - Could not safely identify store assignment for repository candidate interface com.example.PPQ.respository.AttendanceRepo; If you want this repository to be a Redis repository, consider annotating your entities with one of these annotations: org.springframework.data.redis.core.RedisHash (preferred), or consider extending one of the following types with your repository: org.springframework.data.keyvalue.repository.KeyValueRepository
2025-08-11 16:06:54 INFO  [main] o.s.d.r.c.RepositoryConfigurationExtensionSupport - Spring Data Redis - Could not safely identify store assignment for repository candidate interface com.example.PPQ.respository.ClassRepository; If you want this repository to be a Redis repository, consider annotating your entities with one of these annotations: org.springframework.data.redis.core.RedisHash (preferred), or consider extending one of the following types with your repository: org.springframework.data.keyvalue.repository.KeyValueRepository
2025-08-11 16:06:54 INFO  [main] o.s.d.r.c.RepositoryConfigurationExtensionSupport - Spring Data Redis - Could not safely identify store assignment for repository candidate interface com.example.PPQ.respository.CourseRepository; If you want this repository to be a Redis repository, consider annotating your entities with one of these annotations: org.springframework.data.redis.core.RedisHash (preferred), or consider extending one of the following types with your repository: org.springframework.data.keyvalue.repository.KeyValueRepository
2025-08-11 16:06:54 INFO  [main] o.s.d.r.c.RepositoryConfigurationExtensionSupport - Spring Data Redis - Could not safely identify store assignment for repository candidate interface com.example.PPQ.respository.CourseStudentClassRepository; If you want this repository to be a Redis repository, consider annotating your entities with one of these annotations: org.springframework.data.redis.core.RedisHash (preferred), or consider extending one of the following types with your repository: org.springframework.data.keyvalue.repository.KeyValueRepository
2025-08-11 16:06:54 INFO  [main] o.s.d.r.c.RepositoryConfigurationExtensionSupport - Spring Data Redis - Could not safely identify store assignment for repository candidate interface com.example.PPQ.respository.PaymentRepository; If you want this repository to be a Redis repository, consider annotating your entities with one of these annotations: org.springframework.data.redis.core.RedisHash (preferred), or consider extending one of the following types with your repository: org.springframework.data.keyvalue.repository.KeyValueRepository
2025-08-11 16:06:54 INFO  [main] o.s.d.r.c.RepositoryConfigurationExtensionSupport - Spring Data Redis - Could not safely identify store assignment for repository candidate interface com.example.PPQ.respository.RoleRepository; If you want this repository to be a Redis repository, consider annotating your entities with one of these annotations: org.springframework.data.redis.core.RedisHash (preferred), or consider extending one of the following types with your repository: org.springframework.data.keyvalue.repository.KeyValueRepository
2025-08-11 16:06:54 INFO  [main] o.s.d.r.c.RepositoryConfigurationExtensionSupport - Spring Data Redis - Could not safely identify store assignment for repository candidate interface com.example.PPQ.respository.ScheduleRepository; If you want this repository to be a Redis repository, consider annotating your entities with one of these annotations: org.springframework.data.redis.core.RedisHash (preferred), or consider extending one of the following types with your repository: org.springframework.data.keyvalue.repository.KeyValueRepository
2025-08-11 16:06:54 INFO  [main] o.s.d.r.c.RepositoryConfigurationExtensionSupport - Spring Data Redis - Could not safely identify store assignment for repository candidate interface com.example.PPQ.respository.StudentCoreRepo; If you want this repository to be a Redis repository, consider annotating your entities with one of these annotations: org.springframework.data.redis.core.RedisHash (preferred), or consider extending one of the following types with your repository: org.springframework.data.keyvalue.repository.KeyValueRepository
2025-08-11 16:06:54 INFO  [main] o.s.d.r.c.RepositoryConfigurationExtensionSupport - Spring Data Redis - Could not safely identify store assignment for repository candidate interface com.example.PPQ.respository.StudentRepository; If you want this repository to be a Redis repository, consider annotating your entities with one of these annotations: org.springframework.data.redis.core.RedisHash (preferred), or consider extending one of the following types with your repository: org.springframework.data.keyvalue.repository.KeyValueRepository
2025-08-11 16:06:54 INFO  [main] o.s.d.r.c.RepositoryConfigurationExtensionSupport - Spring Data Redis - Could not safely identify store assignment for repository candidate interface com.example.PPQ.respository.TeacherRepository; If you want this repository to be a Redis repository, consider annotating your entities with one of these annotations: org.springframework.data.redis.core.RedisHash (preferred), or consider extending one of the following types with your repository: org.springframework.data.keyvalue.repository.KeyValueRepository
2025-08-11 16:06:54 INFO  [main] o.s.d.r.c.RepositoryConfigurationExtensionSupport - Spring Data Redis - Could not safely identify store assignment for repository candidate interface com.example.PPQ.respository.UsersRepository; If you want this repository to be a Redis repository, consider annotating your entities with one of these annotations: org.springframework.data.redis.core.RedisHash (preferred), or consider extending one of the following types with your repository: org.springframework.data.keyvalue.repository.KeyValueRepository
2025-08-11 16:06:54 INFO  [main] o.s.d.r.c.RepositoryConfigurationDelegate - Finished Spring Data repository scanning in 12 ms. Found 0 Redis repository interfaces.
2025-08-11 16:06:55 INFO  [main] o.s.b.w.e.tomcat.TomcatWebServer - Tomcat initialized with port 8080 (http)
2025-08-11 16:06:55 INFO  [main] o.a.coyote.http11.Http11NioProtocol - Initializing ProtocolHandler ["http-nio-8080"]
2025-08-11 16:06:55 INFO  [main] o.a.catalina.core.StandardService - Starting service [Tomcat]
2025-08-11 16:06:55 INFO  [main] o.a.catalina.core.StandardEngine - Starting Servlet engine: [Apache Tomcat/10.1.40]
2025-08-11 16:06:55 INFO  [main] o.a.c.c.C.[Tomcat].[localhost].[/] - Initializing Spring embedded WebApplicationContext
2025-08-11 16:06:55 INFO  [main] o.s.b.w.s.c.ServletWebServerApplicationContext - Root WebApplicationContext: initialization completed in 2861 ms
2025-08-11 16:06:55 INFO  [main] o.h.jpa.internal.util.LogHelper - HHH000204: Processing PersistenceUnitInfo [name: default]
2025-08-11 16:06:56 INFO  [main] org.hibernate.Version - HHH000412: Hibernate ORM core version 6.6.13.Final
2025-08-11 16:06:56 INFO  [main] o.h.c.i.RegionFactoryInitiator - HHH000026: Second-level cache disabled
2025-08-11 16:06:56 INFO  [main] o.s.o.j.p.SpringPersistenceUnitInfo - No LoadTimeWeaver setup: ignoring JPA class transformer
2025-08-11 16:06:56 INFO  [main] com.zaxxer.hikari.HikariDataSource - HikariPool-1 - Starting...
2025-08-11 16:06:57 INFO  [main] com.zaxxer.hikari.pool.HikariPool - HikariPool-1 - Added connection com.mysql.cj.jdbc.ConnectionImpl@44de3b46
2025-08-11 16:06:57 INFO  [main] com.zaxxer.hikari.HikariDataSource - HikariPool-1 - Start completed.
2025-08-11 16:06:57 INFO  [main] o.hibernate.orm.connections.pooling - HHH10001005: Database info:
	Database JDBC URL [Connecting through datasource 'HikariDataSource (HikariPool-1)']
	Database driver: undefined/unknown
	Database version: 8.0
	Autocommit mode: undefined/unknown
	Isolation level: undefined/unknown
	Minimum pool size: undefined/unknown
	Maximum pool size: undefined/unknown
2025-08-11 16:06:58 INFO  [main] o.h.e.t.j.p.i.JtaPlatformInitiator - HHH000489: No JTA platform available (set 'hibernate.transaction.jta.platform' to enable JTA platform integration)
2025-08-11 16:06:58 INFO  [main] o.s.o.j.LocalContainerEntityManagerFactoryBean - Initialized JPA EntityManagerFactory for persistence unit 'default'
2025-08-11 16:06:59 INFO  [main] o.s.d.j.r.query.QueryEnhancerFactory - Hibernate is in classpath; If applicable, HQL parser will be used.
2025-08-11 16:07:01 INFO  [main] o.s.s.c.a.a.c.InitializeUserDetailsBeanManagerConfigurer$InitializeUserDetailsManagerConfigurer - Global AuthenticationManager configured with UserDetailsService bean with name customUserDetailsService
2025-08-11 16:07:05 INFO  [main] o.s.m.s.b.SimpleBrokerMessageHandler - Starting...
2025-08-11 16:07:05 INFO  [main] o.s.m.s.b.SimpleBrokerMessageHandler - BrokerAvailabilityEvent[available=true, SimpleBrokerMessageHandler [org.springframework.messaging.simp.broker.DefaultSubscriptionRegistry@736d26f1]]
2025-08-11 16:07:05 INFO  [main] o.s.m.s.b.SimpleBrokerMessageHandler - Started.
2025-08-11 16:07:05 INFO  [main] o.a.coyote.http11.Http11NioProtocol - Starting ProtocolHandler ["http-nio-8080"]
2025-08-11 16:07:05 INFO  [main] o.s.b.w.e.tomcat.TomcatWebServer - Tomcat started on port 8080 (http) with context path '/'
2025-08-11 16:07:05 INFO  [main] com.example.PPQ.PpqApplication - Started PpqApplication in 13.179 seconds (process running for 14.404)
2025-08-11 16:08:05 INFO  [MessageBroker-1] o.s.w.s.c.WebSocketMessageBrokerStats - WebSocketSession[0 current WS(0)-HttpStream(0)-HttpPoll(0), 0 total, 0 closed abnormally (0 connect failure, 0 send limit, 0 transport error)], stompSubProtocol[processed CONNECT(0)-CONNECTED(0)-DISCONNECT(0)], stompBrokerRelay[null], inboundChannel[pool size = 0, active threads = 0, queued tasks = 0, completed tasks = 0], outboundChannel[pool size = 0, active threads = 0, queued tasks = 0, completed tasks = 0], sockJsScheduler[pool size = 2, active threads = 1, queued tasks = 1, completed tasks = 0]
2025-08-11 16:09:37 INFO  [http-nio-8080-exec-2] o.a.c.c.C.[Tomcat].[localhost].[/] - Initializing Spring DispatcherServlet 'dispatcherServlet'
2025-08-11 16:09:37 INFO  [http-nio-8080-exec-2] o.s.web.servlet.DispatcherServlet - Initializing Servlet 'dispatcherServlet'
2025-08-11 16:09:37 INFO  [http-nio-8080-exec-2] o.s.web.servlet.DispatcherServlet - Completed initialization in 2 ms
2025-08-11 16:09:38 INFO  [http-nio-8080-exec-1] c.example.PPQ.Config.LoggingAspect - ↪  com.example.PPQ.ServiceImp.CourseServiceImp.getAllLanguages() called with args: []
2025-08-11 16:09:38 INFO  [http-nio-8080-exec-2] c.example.PPQ.Config.LoggingAspect - ↪  com.example.PPQ.ServiceImp.CourseServiceImp.getAllCourses() called with args: [null, 0, 5, null]
2025-08-11 16:09:38 INFO  [http-nio-8080-exec-1] c.example.PPQ.Config.LoggingAspect - ↩  com.example.PPQ.ServiceImp.CourseServiceImp.getAllLanguages() returned [[Tiếng Trung, Tiếng Nhật, Tiếng Hàn]] in 17 ms
2025-08-11 16:09:38 INFO  [http-nio-8080-exec-2] c.example.PPQ.Config.LoggingAspect - ↩  com.example.PPQ.ServiceImp.CourseServiceImp.getAllCourses() returned [com.example.PPQ.Payload.Response.PageResponse@5b42f8a6] in 32 ms
2025-08-11 16:09:40 INFO  [http-nio-8080-exec-6] c.example.PPQ.Config.LoggingAspect - ↪  com.example.PPQ.ServiceImp.TeacherServiceImp.getAllTeacher() called with args: []
2025-08-11 16:09:40 INFO  [http-nio-8080-exec-7] c.example.PPQ.Config.LoggingAspect - ↪  com.example.PPQ.ServiceImp.CourseServiceImp.getAllLanguages() called with args: []
2025-08-11 16:09:40 INFO  [http-nio-8080-exec-7] c.example.PPQ.Config.LoggingAspect - ↩  com.example.PPQ.ServiceImp.CourseServiceImp.getAllLanguages() returned [[Tiếng Trung, Tiếng Nhật, Tiếng Hàn]] in 4 ms
2025-08-11 16:09:40 INFO  [http-nio-8080-exec-6] c.example.PPQ.Config.LoggingAspect - ↩  com.example.PPQ.ServiceImp.TeacherServiceImp.getAllTeacher() returned [[com.example.PPQ.Payload.Response.TeacherDTO@6e8a706c]] in 7 ms
2025-08-11 16:09:42 INFO  [http-nio-8080-exec-9] c.example.PPQ.Config.LoggingAspect - ↪  com.example.PPQ.ServiceImp.CourseServiceImp.getAllLanguages() called with args: []
2025-08-11 16:09:42 INFO  [http-nio-8080-exec-9] c.example.PPQ.Config.LoggingAspect - ↩  com.example.PPQ.ServiceImp.CourseServiceImp.getAllLanguages() returned [[Tiếng Trung, Tiếng Nhật, Tiếng Hàn]] in 4 ms
2025-08-11 16:09:45 INFO  [http-nio-8080-exec-10] c.example.PPQ.Config.LoggingAspect - ↪  com.example.PPQ.ServiceImp.CourseServiceImp.getAllLanguages() called with args: []
2025-08-11 16:09:45 INFO  [http-nio-8080-exec-1] c.example.PPQ.Config.LoggingAspect - ↪  com.example.PPQ.ServiceImp.CourseServiceImp.getAllCourses() called with args: [null, 0, 5, null]
2025-08-11 16:09:45 INFO  [http-nio-8080-exec-10] c.example.PPQ.Config.LoggingAspect - ↩  com.example.PPQ.ServiceImp.CourseServiceImp.getAllLanguages() returned [[Tiếng Trung, Tiếng Nhật, Tiếng Hàn]] in 4 ms
2025-08-11 16:09:45 INFO  [http-nio-8080-exec-1] c.example.PPQ.Config.LoggingAspect - ↩  com.example.PPQ.ServiceImp.CourseServiceImp.getAllCourses() returned [com.example.PPQ.Payload.Response.PageResponse@1c2f8ef3] in 8 ms
2025-08-11 16:11:36 INFO  [http-nio-8080-exec-6] c.example.PPQ.Config.LoggingAspect - ↪  com.example.PPQ.ServiceImp.CourseServiceImp.getAllLanguages() called with args: []
2025-08-11 16:11:36 INFO  [http-nio-8080-exec-8] c.example.PPQ.Config.LoggingAspect - ↪  com.example.PPQ.ServiceImp.CourseServiceImp.getAllCourses() called with args: [null, 0, 5, null]
2025-08-11 16:11:36 INFO  [http-nio-8080-exec-6] c.example.PPQ.Config.LoggingAspect - ↩  com.example.PPQ.ServiceImp.CourseServiceImp.getAllLanguages() returned [[Tiếng Trung, Tiếng Nhật, Tiếng Hàn]] in 3 ms
2025-08-11 16:11:36 INFO  [http-nio-8080-exec-8] c.example.PPQ.Config.LoggingAspect - ↩  com.example.PPQ.ServiceImp.CourseServiceImp.getAllCourses() returned [com.example.PPQ.Payload.Response.PageResponse@21f72f22] in 5 ms
2025-08-11 16:11:36 INFO  [http-nio-8080-exec-2] c.example.PPQ.Config.LoggingAspect - ↪  com.example.PPQ.ServiceImp.CourseServiceImp.getAllLanguages() called with args: []
2025-08-11 16:11:36 INFO  [http-nio-8080-exec-4] c.example.PPQ.Config.LoggingAspect - ↪  com.example.PPQ.ServiceImp.CourseServiceImp.getAllCourses() called with args: [null, 0, 5, null]
2025-08-11 16:11:36 INFO  [http-nio-8080-exec-2] c.example.PPQ.Config.LoggingAspect - ↩  com.example.PPQ.ServiceImp.CourseServiceImp.getAllLanguages() returned [[Tiếng Trung, Tiếng Nhật, Tiếng Hàn]] in 5 ms
2025-08-11 16:11:36 INFO  [http-nio-8080-exec-4] c.example.PPQ.Config.LoggingAspect - ↩  com.example.PPQ.ServiceImp.CourseServiceImp.getAllCourses() returned [com.example.PPQ.Payload.Response.PageResponse@21a9eb8e] in 8 ms
2025-08-11 16:11:58 INFO  [http-nio-8080-exec-6] c.example.PPQ.Config.LoggingAspect - ↪  com.example.PPQ.ServiceImp.CourseServiceImp.getAllLanguages() called with args: []
2025-08-11 16:11:58 INFO  [http-nio-8080-exec-8] c.example.PPQ.Config.LoggingAspect - ↪  com.example.PPQ.ServiceImp.CourseServiceImp.getAllCourses() called with args: [null, 0, 5, null]
2025-08-11 16:11:58 INFO  [http-nio-8080-exec-6] c.example.PPQ.Config.LoggingAspect - ↩  com.example.PPQ.ServiceImp.CourseServiceImp.getAllLanguages() returned [[Tiếng Trung, Tiếng Nhật, Tiếng Hàn]] in 2 ms
2025-08-11 16:11:58 INFO  [http-nio-8080-exec-8] c.example.PPQ.Config.LoggingAspect - ↩  com.example.PPQ.ServiceImp.CourseServiceImp.getAllCourses() returned [com.example.PPQ.Payload.Response.PageResponse@32e71fac] in 5 ms
2025-08-11 16:12:07 INFO  [http-nio-8080-exec-4] c.example.PPQ.Config.LoggingAspect - ↪  com.example.PPQ.ServiceImp.CustomUserDetailsService.loadUserByUsername() called with args: [admin]
2025-08-11 16:12:07 INFO  [http-nio-8080-exec-4] c.example.PPQ.Config.LoggingAspect - ↩  com.example.PPQ.ServiceImp.CustomUserDetailsService.loadUserByUsername() returned [org.springframework.security.core.userdetails.User [Username=admin, Password=[PROTECTED], Enabled=true, AccountNonExpired=true, CredentialsNonExpired=true, AccountNonLocked=true, Granted Authorities=[ADMIN]]] in 26 ms
2025-08-11 16:12:14 INFO  [http-nio-8080-exec-6] c.example.PPQ.Config.LoggingAspect - ↪  com.example.PPQ.ServiceImp.ClassServiceImp.getAllClasses() called with args: []
2025-08-11 16:12:14 INFO  [http-nio-8080-exec-6] c.example.PPQ.Config.LoggingAspect - ↩  com.example.PPQ.ServiceImp.ClassServiceImp.getAllClasses() returned [[com.example.PPQ.Payload.Response.ClassDTO@5daa6be1, com.example.PPQ.Payload.Response.ClassDTO@1cfafef8, com.example.PPQ.Payload.Response.ClassDTO@278837c9]] in 48 ms
2025-08-11 16:12:14 INFO  [http-nio-8080-exec-1] c.example.PPQ.Config.LoggingAspect - ↪  com.example.PPQ.ServiceImp.ScheduleServiceImp.gettAllSchedule() called with args: []
2025-08-11 16:12:14 INFO  [http-nio-8080-exec-1] c.example.PPQ.Config.LoggingAspect - ↩  com.example.PPQ.ServiceImp.ScheduleServiceImp.gettAllSchedule() returned [[com.example.PPQ.Payload.Response.ScheduleDTO@48ae1e2b, com.example.PPQ.Payload.Response.ScheduleDTO@71a5b46e, com.example.PPQ.Payload.Response.ScheduleDTO@45893239]] in 9 ms
2025-08-11 16:12:15 INFO  [http-nio-8080-exec-10] c.example.PPQ.Config.LoggingAspect - ↪  com.example.PPQ.ServiceImp.RolesServiceImp.getAllRoles() called with args: []
2025-08-11 16:12:15 INFO  [http-nio-8080-exec-10] c.example.PPQ.Config.LoggingAspect - ↩  com.example.PPQ.ServiceImp.RolesServiceImp.getAllRoles() returned [[com.example.PPQ.Payload.Response.RolesDTO@2ca902e8, com.example.PPQ.Payload.Response.RolesDTO@622f6c68, com.example.PPQ.Payload.Response.RolesDTO@ea5b7b, com.example.PPQ.Payload.Response.RolesDTO@3206867f]] in 4 ms
2025-08-11 16:12:15 INFO  [http-nio-8080-exec-4] c.example.PPQ.Config.LoggingAspect - ↪  com.example.PPQ.ServiceImp.UserServiceImp.findUserByUsernameAndRole() called with args: [null, null, 0, 5]
2025-08-11 16:12:15 INFO  [http-nio-8080-exec-4] c.example.PPQ.Config.LoggingAspect - ↩  com.example.PPQ.ServiceImp.UserServiceImp.findUserByUsernameAndRole() returned [com.example.PPQ.Payload.Response.PageResponse@444abe23] in 14 ms
2025-08-11 16:12:18 INFO  [http-nio-8080-exec-5] c.example.PPQ.Config.LoggingAspect - ↪  com.example.PPQ.ServiceImp.CourseServiceImp.getAllCourses() called with args: [null, 0, 5, null]
2025-08-11 16:12:18 INFO  [http-nio-8080-exec-5] c.example.PPQ.Config.LoggingAspect - ↩  com.example.PPQ.ServiceImp.CourseServiceImp.getAllCourses() returned [com.example.PPQ.Payload.Response.PageResponse@4228b98] in 7 ms
2025-08-11 16:12:18 INFO  [http-nio-8080-exec-7] c.example.PPQ.Config.LoggingAspect - ↪  com.example.PPQ.ServiceImp.ClassServiceImp.getAllClasses() called with args: []
2025-08-11 16:12:18 INFO  [http-nio-8080-exec-7] c.example.PPQ.Config.LoggingAspect - ↩  com.example.PPQ.ServiceImp.ClassServiceImp.getAllClasses() returned [[com.example.PPQ.Payload.Response.ClassDTO@b08d803, com.example.PPQ.Payload.Response.ClassDTO@4d03c173, com.example.PPQ.Payload.Response.ClassDTO@18c27f5e]] in 4 ms
2025-08-11 16:12:18 INFO  [http-nio-8080-exec-8] c.example.PPQ.Config.LoggingAspect - ↪  com.example.PPQ.ServiceImp.RegisterCourseServiceImp.getAllCourseRegister() called with args: []
2025-08-11 16:12:18 INFO  [http-nio-8080-exec-8] c.example.PPQ.Config.LoggingAspect - ↩  com.example.PPQ.ServiceImp.RegisterCourseServiceImp.getAllCourseRegister() returned [[com.example.PPQ.Payload.Response.CourseRegisterRespone@280976c3]] in 9 ms
2025-08-11 16:12:18 INFO  [http-nio-8080-exec-1] c.example.PPQ.Config.LoggingAspect - ↪  com.example.PPQ.ServiceImp.RolesServiceImp.getAllRoles() called with args: []
2025-08-11 16:12:18 INFO  [http-nio-8080-exec-1] c.example.PPQ.Config.LoggingAspect - ↩  com.example.PPQ.ServiceImp.RolesServiceImp.getAllRoles() returned [[com.example.PPQ.Payload.Response.RolesDTO@6ffe8ecf, com.example.PPQ.Payload.Response.RolesDTO@31e5463a, com.example.PPQ.Payload.Response.RolesDTO@3c42796a, com.example.PPQ.Payload.Response.RolesDTO@6c3b1587]] in 5 ms
2025-08-11 16:12:21 INFO  [http-nio-8080-exec-10] c.example.PPQ.Config.LoggingAspect - ↪  com.example.PPQ.ServiceImp.RolesServiceImp.deleteRoles() called with args: [32]
2025-08-11 16:12:21 INFO  [http-nio-8080-exec-10] c.example.PPQ.Config.LoggingAspect - ↩  com.example.PPQ.ServiceImp.RolesServiceImp.deleteRoles() returned [null] in 57 ms
2025-08-11 16:12:21 INFO  [http-nio-8080-exec-4] c.example.PPQ.Config.LoggingAspect - ↪  com.example.PPQ.ServiceImp.RolesServiceImp.getAllRoles() called with args: []
2025-08-11 16:12:21 INFO  [http-nio-8080-exec-4] c.example.PPQ.Config.LoggingAspect - ↩  com.example.PPQ.ServiceImp.RolesServiceImp.getAllRoles() returned [[com.example.PPQ.Payload.Response.RolesDTO@77a7af2, com.example.PPQ.Payload.Response.RolesDTO@6af1d37e, com.example.PPQ.Payload.Response.RolesDTO@500a4f75]] in 3 ms
2025-08-11 16:12:23 INFO  [http-nio-8080-exec-3] c.example.PPQ.Config.LoggingAspect - ↪  com.example.PPQ.ServiceImp.CourseServiceImp.getAllLanguages() called with args: []
2025-08-11 16:12:23 INFO  [http-nio-8080-exec-5] c.example.PPQ.Config.LoggingAspect - ↪  com.example.PPQ.ServiceImp.CourseServiceImp.getAllCourses() called with args: [null, 0, 5, null]
2025-08-11 16:12:23 INFO  [http-nio-8080-exec-3] c.example.PPQ.Config.LoggingAspect - ↩  com.example.PPQ.ServiceImp.CourseServiceImp.getAllLanguages() returned [[Tiếng Trung, Tiếng Nhật, Tiếng Hàn]] in 3 ms
2025-08-11 16:12:23 INFO  [http-nio-8080-exec-5] c.example.PPQ.Config.LoggingAspect - ↩  com.example.PPQ.ServiceImp.CourseServiceImp.getAllCourses() returned [com.example.PPQ.Payload.Response.PageResponse@4c293ae9] in 6 ms
2025-08-11 16:12:28 INFO  [SpringApplicationShutdownHook] o.s.b.w.e.tomcat.GracefulShutdown - Commencing graceful shutdown. Waiting for active requests to complete
2025-08-11 16:12:28 INFO  [tomcat-shutdown] o.s.b.w.e.tomcat.GracefulShutdown - Graceful shutdown complete
2025-08-11 16:12:28 INFO  [SpringApplicationShutdownHook] o.s.m.s.b.SimpleBrokerMessageHandler - Stopping...
2025-08-11 16:12:28 INFO  [SpringApplicationShutdownHook] o.s.m.s.b.SimpleBrokerMessageHandler - BrokerAvailabilityEvent[available=false, SimpleBrokerMessageHandler [org.springframework.messaging.simp.broker.DefaultSubscriptionRegistry@736d26f1]]
2025-08-11 16:12:28 INFO  [SpringApplicationShutdownHook] o.s.m.s.b.SimpleBrokerMessageHandler - Stopped.
2025-08-11 16:12:28 INFO  [SpringApplicationShutdownHook] o.s.o.j.LocalContainerEntityManagerFactoryBean - Closing JPA EntityManagerFactory for persistence unit 'default'
2025-08-11 16:12:28 INFO  [SpringApplicationShutdownHook] com.zaxxer.hikari.HikariDataSource - HikariPool-1 - Shutdown initiated...
2025-08-11 16:12:28 INFO  [SpringApplicationShutdownHook] com.zaxxer.hikari.HikariDataSource - HikariPool-1 - Shutdown completed.
