2025-08-07 11:35:53 WARN  [main] org.hibernate.orm.deprecation - HHH90000025: MySQL8Dialect does not need to be specified explicitly using 'hibernate.dialect' (remove the property setting and it will be selected by default)
2025-08-07 11:35:53 WARN  [main] org.hibernate.orm.deprecation - HHH90000026: MySQL8Dialect has been deprecated; use org.hibernate.dialect.MySQLDialect instead
2025-08-07 11:35:54 WARN  [main] org.hibernate.mapping.RootClass - HHH000038: Composite-id class does not override equals(): com.example.PPQ.Entity.Course_TeacherEntity
2025-08-07 11:35:54 WARN  [main] org.hibernate.mapping.RootClass - HHH000039: Composite-id class does not override hashCode(): com.example.PPQ.Entity.Course_TeacherEntity
2025-08-07 11:35:54 WARN  [main] org.hibernate.mapping.RootClass - HHH000038: Composite-id class does not override equals(): com.example.PPQ.Entity.Student_ClassEntity
2025-08-07 11:35:54 WARN  [main] org.hibernate.mapping.RootClass - HHH000039: Composite-id class does not override hashCode(): com.example.PPQ.Entity.Student_ClassEntity
2025-08-07 11:35:57 WARN  [main] o.s.b.a.o.j.JpaBaseConfiguration$JpaWebConfiguration - spring.jpa.open-in-view is enabled by default. Therefore, database queries may be performed during view rendering. Explicitly configure spring.jpa.open-in-view to disable this warning
2025-08-07 11:36:00 WARN  [main] o.s.w.s.r.ResourceHandlerUtils - Appended trailing slash to static resource location: file:D:/project_PPQ/upload/
2025-08-07 11:36:00 WARN  [main] o.s.s.c.a.w.c.AuthorizeHttpRequestsConfigurer$AuthorizationManagerRequestMatcherRegistry - One of the patterns in [/login, /register, courses/{courseId}, /otp/**] is missing a leading slash. This is discouraged; please include the leading slash in all your request matcher patterns. In future versions of Spring Security, leaving out the leading slash will result in an exception.
2025-08-07 12:05:46 WARN  [main] org.hibernate.orm.deprecation - HHH90000025: MySQL8Dialect does not need to be specified explicitly using 'hibernate.dialect' (remove the property setting and it will be selected by default)
2025-08-07 12:05:46 WARN  [main] org.hibernate.orm.deprecation - HHH90000026: MySQL8Dialect has been deprecated; use org.hibernate.dialect.MySQLDialect instead
2025-08-07 12:05:46 WARN  [main] org.hibernate.mapping.RootClass - HHH000038: Composite-id class does not override equals(): com.example.PPQ.Entity.Course_TeacherEntity
2025-08-07 12:05:46 WARN  [main] org.hibernate.mapping.RootClass - HHH000039: Composite-id class does not override hashCode(): com.example.PPQ.Entity.Course_TeacherEntity
2025-08-07 12:05:46 WARN  [main] org.hibernate.mapping.RootClass - HHH000038: Composite-id class does not override equals(): com.example.PPQ.Entity.Student_ClassEntity
2025-08-07 12:05:46 WARN  [main] org.hibernate.mapping.RootClass - HHH000039: Composite-id class does not override hashCode(): com.example.PPQ.Entity.Student_ClassEntity
2025-08-07 12:05:49 WARN  [main] o.s.b.a.o.j.JpaBaseConfiguration$JpaWebConfiguration - spring.jpa.open-in-view is enabled by default. Therefore, database queries may be performed during view rendering. Explicitly configure spring.jpa.open-in-view to disable this warning
2025-08-07 12:05:50 WARN  [main] o.s.w.s.r.ResourceHandlerUtils - Appended trailing slash to static resource location: file:D:/project_PPQ/upload/
2025-08-07 12:05:50 WARN  [main] o.s.s.c.a.w.c.AuthorizeHttpRequestsConfigurer$AuthorizationManagerRequestMatcherRegistry - One of the patterns in [/login, /register, courses/{courseId}, /otp/**] is missing a leading slash. This is discouraged; please include the leading slash in all your request matcher patterns. In future versions of Spring Security, leaving out the leading slash will result in an exception.
2025-08-07 16:20:45 WARN  [main] org.hibernate.orm.deprecation - HHH90000025: MySQL8Dialect does not need to be specified explicitly using 'hibernate.dialect' (remove the property setting and it will be selected by default)
2025-08-07 16:20:45 WARN  [main] org.hibernate.orm.deprecation - HHH90000026: MySQL8Dialect has been deprecated; use org.hibernate.dialect.MySQLDialect instead
2025-08-07 16:20:46 WARN  [main] org.hibernate.mapping.RootClass - HHH000038: Composite-id class does not override equals(): com.example.PPQ.Entity.Course_TeacherEntity
2025-08-07 16:20:46 WARN  [main] org.hibernate.mapping.RootClass - HHH000039: Composite-id class does not override hashCode(): com.example.PPQ.Entity.Course_TeacherEntity
2025-08-07 16:20:46 WARN  [main] org.hibernate.mapping.RootClass - HHH000038: Composite-id class does not override equals(): com.example.PPQ.Entity.Student_ClassEntity
2025-08-07 16:20:46 WARN  [main] org.hibernate.mapping.RootClass - HHH000039: Composite-id class does not override hashCode(): com.example.PPQ.Entity.Student_ClassEntity
2025-08-07 16:20:48 WARN  [main] o.s.b.a.o.j.JpaBaseConfiguration$JpaWebConfiguration - spring.jpa.open-in-view is enabled by default. Therefore, database queries may be performed during view rendering. Explicitly configure spring.jpa.open-in-view to disable this warning
2025-08-07 16:20:50 WARN  [main] o.s.w.s.r.ResourceHandlerUtils - Appended trailing slash to static resource location: file:D:/project_PPQ/upload/
2025-08-07 16:20:50 WARN  [main] o.s.s.c.a.w.c.AuthorizeHttpRequestsConfigurer$AuthorizationManagerRequestMatcherRegistry - One of the patterns in [/login, /register, courses/{courseId}, /otp/**] is missing a leading slash. This is discouraged; please include the leading slash in all your request matcher patterns. In future versions of Spring Security, leaving out the leading slash will result in an exception.
2025-08-07 16:53:20 WARN  [main] org.hibernate.orm.deprecation - HHH90000025: MySQL8Dialect does not need to be specified explicitly using 'hibernate.dialect' (remove the property setting and it will be selected by default)
2025-08-07 16:53:20 WARN  [main] org.hibernate.orm.deprecation - HHH90000026: MySQL8Dialect has been deprecated; use org.hibernate.dialect.MySQLDialect instead
2025-08-07 16:53:20 WARN  [main] org.hibernate.mapping.RootClass - HHH000038: Composite-id class does not override equals(): com.example.PPQ.Entity.Course_TeacherEntity
2025-08-07 16:53:20 WARN  [main] org.hibernate.mapping.RootClass - HHH000039: Composite-id class does not override hashCode(): com.example.PPQ.Entity.Course_TeacherEntity
2025-08-07 16:53:20 WARN  [main] org.hibernate.mapping.RootClass - HHH000038: Composite-id class does not override equals(): com.example.PPQ.Entity.Student_ClassEntity
2025-08-07 16:53:20 WARN  [main] org.hibernate.mapping.RootClass - HHH000039: Composite-id class does not override hashCode(): com.example.PPQ.Entity.Student_ClassEntity
2025-08-07 16:53:23 WARN  [main] o.s.b.a.o.j.JpaBaseConfiguration$JpaWebConfiguration - spring.jpa.open-in-view is enabled by default. Therefore, database queries may be performed during view rendering. Explicitly configure spring.jpa.open-in-view to disable this warning
2025-08-07 16:53:25 WARN  [main] o.s.w.s.r.ResourceHandlerUtils - Appended trailing slash to static resource location: file:D:/project_PPQ/upload/
2025-08-07 16:53:25 WARN  [main] o.s.s.c.a.w.c.AuthorizeHttpRequestsConfigurer$AuthorizationManagerRequestMatcherRegistry - One of the patterns in [/login, /register, courses/{courseId}, /otp/**] is missing a leading slash. This is discouraged; please include the leading slash in all your request matcher patterns. In future versions of Spring Security, leaving out the leading slash will result in an exception.
2025-08-07 17:18:37 WARN  [main] org.hibernate.orm.deprecation - HHH90000025: MySQL8Dialect does not need to be specified explicitly using 'hibernate.dialect' (remove the property setting and it will be selected by default)
2025-08-07 17:18:37 WARN  [main] org.hibernate.orm.deprecation - HHH90000026: MySQL8Dialect has been deprecated; use org.hibernate.dialect.MySQLDialect instead
2025-08-07 17:18:37 WARN  [main] org.hibernate.mapping.RootClass - HHH000038: Composite-id class does not override equals(): com.example.PPQ.Entity.Course_TeacherEntity
2025-08-07 17:18:37 WARN  [main] org.hibernate.mapping.RootClass - HHH000039: Composite-id class does not override hashCode(): com.example.PPQ.Entity.Course_TeacherEntity
2025-08-07 17:18:37 WARN  [main] org.hibernate.mapping.RootClass - HHH000038: Composite-id class does not override equals(): com.example.PPQ.Entity.Student_ClassEntity
2025-08-07 17:18:37 WARN  [main] org.hibernate.mapping.RootClass - HHH000039: Composite-id class does not override hashCode(): com.example.PPQ.Entity.Student_ClassEntity
2025-08-07 17:18:40 WARN  [main] o.s.b.a.o.j.JpaBaseConfiguration$JpaWebConfiguration - spring.jpa.open-in-view is enabled by default. Therefore, database queries may be performed during view rendering. Explicitly configure spring.jpa.open-in-view to disable this warning
2025-08-07 17:18:41 WARN  [main] o.s.w.s.r.ResourceHandlerUtils - Appended trailing slash to static resource location: file:D:/project_PPQ/upload/
2025-08-07 17:18:41 WARN  [main] o.s.s.c.a.w.c.AuthorizeHttpRequestsConfigurer$AuthorizationManagerRequestMatcherRegistry - One of the patterns in [/login, /register, courses/{courseId}, /otp/**] is missing a leading slash. This is discouraged; please include the leading slash in all your request matcher patterns. In future versions of Spring Security, leaving out the leading slash will result in an exception.
2025-08-07 19:01:48 WARN  [main] org.hibernate.orm.deprecation - HHH90000025: MySQL8Dialect does not need to be specified explicitly using 'hibernate.dialect' (remove the property setting and it will be selected by default)
2025-08-07 19:01:48 WARN  [main] org.hibernate.orm.deprecation - HHH90000026: MySQL8Dialect has been deprecated; use org.hibernate.dialect.MySQLDialect instead
2025-08-07 19:01:48 WARN  [main] org.hibernate.mapping.RootClass - HHH000038: Composite-id class does not override equals(): com.example.PPQ.Entity.Course_TeacherEntity
2025-08-07 19:01:48 WARN  [main] org.hibernate.mapping.RootClass - HHH000039: Composite-id class does not override hashCode(): com.example.PPQ.Entity.Course_TeacherEntity
2025-08-07 19:01:48 WARN  [main] org.hibernate.mapping.RootClass - HHH000038: Composite-id class does not override equals(): com.example.PPQ.Entity.Student_ClassEntity
2025-08-07 19:01:48 WARN  [main] org.hibernate.mapping.RootClass - HHH000039: Composite-id class does not override hashCode(): com.example.PPQ.Entity.Student_ClassEntity
2025-08-07 19:01:51 WARN  [main] o.s.b.a.o.j.JpaBaseConfiguration$JpaWebConfiguration - spring.jpa.open-in-view is enabled by default. Therefore, database queries may be performed during view rendering. Explicitly configure spring.jpa.open-in-view to disable this warning
2025-08-07 19:01:53 WARN  [main] o.s.w.s.r.ResourceHandlerUtils - Appended trailing slash to static resource location: file:D:/project_PPQ/upload/
2025-08-07 19:01:53 WARN  [main] o.s.s.c.a.w.c.AuthorizeHttpRequestsConfigurer$AuthorizationManagerRequestMatcherRegistry - One of the patterns in [/login, /register, courses/{courseId}, /otp/**] is missing a leading slash. This is discouraged; please include the leading slash in all your request matcher patterns. In future versions of Spring Security, leaving out the leading slash will result in an exception.
