2025-08-08 10:31:21 WARN  [main] org.hibernate.orm.deprecation - HHH90000025: MySQL8Dialect does not need to be specified explicitly using 'hibernate.dialect' (remove the property setting and it will be selected by default)
2025-08-08 10:31:21 WARN  [main] org.hibernate.orm.deprecation - HHH90000026: MySQL8Dialect has been deprecated; use org.hibernate.dialect.MySQLDialect instead
2025-08-08 10:31:21 WARN  [main] org.hibernate.mapping.RootClass - HHH000038: Composite-id class does not override equals(): com.example.PPQ.Entity.Course_TeacherEntity
2025-08-08 10:31:21 WARN  [main] org.hibernate.mapping.RootClass - HHH000039: Composite-id class does not override hashCode(): com.example.PPQ.Entity.Course_TeacherEntity
2025-08-08 10:31:21 WARN  [main] org.hibernate.mapping.RootClass - HHH000038: Composite-id class does not override equals(): com.example.PPQ.Entity.Student_ClassEntity
2025-08-08 10:31:21 WARN  [main] org.hibernate.mapping.RootClass - HHH000039: Composite-id class does not override hashCode(): com.example.PPQ.Entity.Student_ClassEntity
2025-08-08 10:31:24 WARN  [main] o.s.b.a.o.j.JpaBaseConfiguration$JpaWebConfiguration - spring.jpa.open-in-view is enabled by default. Therefore, database queries may be performed during view rendering. Explicitly configure spring.jpa.open-in-view to disable this warning
2025-08-08 10:31:26 WARN  [main] o.s.w.s.r.ResourceHandlerUtils - Appended trailing slash to static resource location: file:D:/project_PPQ/upload/
2025-08-08 10:31:26 WARN  [main] o.s.s.c.a.w.c.AuthorizeHttpRequestsConfigurer$AuthorizationManagerRequestMatcherRegistry - One of the patterns in [/login, /register, courses/{courseId}, /otp/**] is missing a leading slash. This is discouraged; please include the leading slash in all your request matcher patterns. In future versions of Spring Security, leaving out the leading slash will result in an exception.
2025-08-08 10:32:42 WARN  [main] org.hibernate.orm.deprecation - HHH90000025: MySQL8Dialect does not need to be specified explicitly using 'hibernate.dialect' (remove the property setting and it will be selected by default)
2025-08-08 10:32:42 WARN  [main] org.hibernate.orm.deprecation - HHH90000026: MySQL8Dialect has been deprecated; use org.hibernate.dialect.MySQLDialect instead
2025-08-08 10:32:42 WARN  [main] org.hibernate.mapping.RootClass - HHH000038: Composite-id class does not override equals(): com.example.PPQ.Entity.Course_TeacherEntity
2025-08-08 10:32:42 WARN  [main] org.hibernate.mapping.RootClass - HHH000039: Composite-id class does not override hashCode(): com.example.PPQ.Entity.Course_TeacherEntity
2025-08-08 10:32:42 WARN  [main] org.hibernate.mapping.RootClass - HHH000038: Composite-id class does not override equals(): com.example.PPQ.Entity.Student_ClassEntity
2025-08-08 10:32:42 WARN  [main] org.hibernate.mapping.RootClass - HHH000039: Composite-id class does not override hashCode(): com.example.PPQ.Entity.Student_ClassEntity
2025-08-08 10:32:45 WARN  [main] o.s.b.a.o.j.JpaBaseConfiguration$JpaWebConfiguration - spring.jpa.open-in-view is enabled by default. Therefore, database queries may be performed during view rendering. Explicitly configure spring.jpa.open-in-view to disable this warning
2025-08-08 10:32:46 WARN  [main] o.s.w.s.r.ResourceHandlerUtils - Appended trailing slash to static resource location: file:D:/project_PPQ/upload/
2025-08-08 10:32:46 WARN  [main] o.s.s.c.a.w.c.AuthorizeHttpRequestsConfigurer$AuthorizationManagerRequestMatcherRegistry - One of the patterns in [/login, /register, courses/{courseId}, /otp/**] is missing a leading slash. This is discouraged; please include the leading slash in all your request matcher patterns. In future versions of Spring Security, leaving out the leading slash will result in an exception.
2025-08-08 10:40:56 WARN  [main] org.hibernate.orm.deprecation - HHH90000025: MySQL8Dialect does not need to be specified explicitly using 'hibernate.dialect' (remove the property setting and it will be selected by default)
2025-08-08 10:40:56 WARN  [main] org.hibernate.orm.deprecation - HHH90000026: MySQL8Dialect has been deprecated; use org.hibernate.dialect.MySQLDialect instead
2025-08-08 10:40:56 WARN  [main] org.hibernate.mapping.RootClass - HHH000038: Composite-id class does not override equals(): com.example.PPQ.Entity.Course_TeacherEntity
2025-08-08 10:40:56 WARN  [main] org.hibernate.mapping.RootClass - HHH000039: Composite-id class does not override hashCode(): com.example.PPQ.Entity.Course_TeacherEntity
2025-08-08 10:40:56 WARN  [main] org.hibernate.mapping.RootClass - HHH000038: Composite-id class does not override equals(): com.example.PPQ.Entity.Student_ClassEntity
2025-08-08 10:40:56 WARN  [main] org.hibernate.mapping.RootClass - HHH000039: Composite-id class does not override hashCode(): com.example.PPQ.Entity.Student_ClassEntity
2025-08-08 10:40:59 WARN  [main] o.s.b.a.o.j.JpaBaseConfiguration$JpaWebConfiguration - spring.jpa.open-in-view is enabled by default. Therefore, database queries may be performed during view rendering. Explicitly configure spring.jpa.open-in-view to disable this warning
2025-08-08 10:41:01 WARN  [main] o.s.w.s.r.ResourceHandlerUtils - Appended trailing slash to static resource location: file:D:/project_PPQ/upload/
2025-08-08 10:41:01 WARN  [main] o.s.s.c.a.w.c.AuthorizeHttpRequestsConfigurer$AuthorizationManagerRequestMatcherRegistry - One of the patterns in [/login, /register, courses/{courseId}, /otp/**] is missing a leading slash. This is discouraged; please include the leading slash in all your request matcher patterns. In future versions of Spring Security, leaving out the leading slash will result in an exception.
2025-08-08 14:55:27 WARN  [main] org.hibernate.orm.deprecation - HHH90000025: MySQL8Dialect does not need to be specified explicitly using 'hibernate.dialect' (remove the property setting and it will be selected by default)
2025-08-08 14:55:27 WARN  [main] org.hibernate.orm.deprecation - HHH90000026: MySQL8Dialect has been deprecated; use org.hibernate.dialect.MySQLDialect instead
2025-08-08 14:55:27 WARN  [main] org.hibernate.mapping.RootClass - HHH000038: Composite-id class does not override equals(): com.example.PPQ.Entity.Course_TeacherEntity
2025-08-08 14:55:27 WARN  [main] org.hibernate.mapping.RootClass - HHH000039: Composite-id class does not override hashCode(): com.example.PPQ.Entity.Course_TeacherEntity
2025-08-08 14:55:27 WARN  [main] org.hibernate.mapping.RootClass - HHH000038: Composite-id class does not override equals(): com.example.PPQ.Entity.Student_ClassEntity
2025-08-08 14:55:27 WARN  [main] org.hibernate.mapping.RootClass - HHH000039: Composite-id class does not override hashCode(): com.example.PPQ.Entity.Student_ClassEntity
2025-08-08 14:55:30 WARN  [main] o.s.b.a.o.j.JpaBaseConfiguration$JpaWebConfiguration - spring.jpa.open-in-view is enabled by default. Therefore, database queries may be performed during view rendering. Explicitly configure spring.jpa.open-in-view to disable this warning
2025-08-08 14:55:32 WARN  [main] o.s.w.s.r.ResourceHandlerUtils - Appended trailing slash to static resource location: file:D:/project_PPQ/upload/
2025-08-08 14:55:32 WARN  [main] o.s.s.c.a.w.c.AuthorizeHttpRequestsConfigurer$AuthorizationManagerRequestMatcherRegistry - One of the patterns in [/login, /register, courses/{courseId}, /otp/**] is missing a leading slash. This is discouraged; please include the leading slash in all your request matcher patterns. In future versions of Spring Security, leaving out the leading slash will result in an exception.
2025-08-08 15:10:29 WARN  [main] org.hibernate.orm.deprecation - HHH90000025: MySQL8Dialect does not need to be specified explicitly using 'hibernate.dialect' (remove the property setting and it will be selected by default)
2025-08-08 15:10:29 WARN  [main] org.hibernate.orm.deprecation - HHH90000026: MySQL8Dialect has been deprecated; use org.hibernate.dialect.MySQLDialect instead
2025-08-08 15:10:30 WARN  [main] org.hibernate.mapping.RootClass - HHH000038: Composite-id class does not override equals(): com.example.PPQ.Entity.Course_TeacherEntity
2025-08-08 15:10:30 WARN  [main] org.hibernate.mapping.RootClass - HHH000039: Composite-id class does not override hashCode(): com.example.PPQ.Entity.Course_TeacherEntity
2025-08-08 15:10:30 WARN  [main] org.hibernate.mapping.RootClass - HHH000038: Composite-id class does not override equals(): com.example.PPQ.Entity.Student_ClassEntity
2025-08-08 15:10:30 WARN  [main] org.hibernate.mapping.RootClass - HHH000039: Composite-id class does not override hashCode(): com.example.PPQ.Entity.Student_ClassEntity
2025-08-08 15:10:32 WARN  [main] o.s.b.a.o.j.JpaBaseConfiguration$JpaWebConfiguration - spring.jpa.open-in-view is enabled by default. Therefore, database queries may be performed during view rendering. Explicitly configure spring.jpa.open-in-view to disable this warning
2025-08-08 15:10:34 WARN  [main] o.s.w.s.r.ResourceHandlerUtils - Appended trailing slash to static resource location: file:D:/project_PPQ/upload/
2025-08-08 15:10:34 WARN  [main] o.s.s.c.a.w.c.AuthorizeHttpRequestsConfigurer$AuthorizationManagerRequestMatcherRegistry - One of the patterns in [/login, /register, courses/{courseId}, /otp/**] is missing a leading slash. This is discouraged; please include the leading slash in all your request matcher patterns. In future versions of Spring Security, leaving out the leading slash will result in an exception.
2025-08-08 15:20:04 WARN  [main] org.hibernate.orm.deprecation - HHH90000025: MySQL8Dialect does not need to be specified explicitly using 'hibernate.dialect' (remove the property setting and it will be selected by default)
2025-08-08 15:20:04 WARN  [main] org.hibernate.orm.deprecation - HHH90000026: MySQL8Dialect has been deprecated; use org.hibernate.dialect.MySQLDialect instead
2025-08-08 15:20:05 WARN  [main] org.hibernate.mapping.RootClass - HHH000038: Composite-id class does not override equals(): com.example.PPQ.Entity.Course_TeacherEntity
2025-08-08 15:20:05 WARN  [main] org.hibernate.mapping.RootClass - HHH000039: Composite-id class does not override hashCode(): com.example.PPQ.Entity.Course_TeacherEntity
2025-08-08 15:20:05 WARN  [main] org.hibernate.mapping.RootClass - HHH000038: Composite-id class does not override equals(): com.example.PPQ.Entity.Student_ClassEntity
2025-08-08 15:20:05 WARN  [main] org.hibernate.mapping.RootClass - HHH000039: Composite-id class does not override hashCode(): com.example.PPQ.Entity.Student_ClassEntity
2025-08-08 15:20:07 WARN  [main] o.s.b.a.o.j.JpaBaseConfiguration$JpaWebConfiguration - spring.jpa.open-in-view is enabled by default. Therefore, database queries may be performed during view rendering. Explicitly configure spring.jpa.open-in-view to disable this warning
2025-08-08 15:20:09 WARN  [main] o.s.w.s.r.ResourceHandlerUtils - Appended trailing slash to static resource location: file:D:/project_PPQ/upload/
2025-08-08 15:20:09 WARN  [main] o.s.s.c.a.w.c.AuthorizeHttpRequestsConfigurer$AuthorizationManagerRequestMatcherRegistry - One of the patterns in [/login, /register, courses/{courseId}, /otp/**] is missing a leading slash. This is discouraged; please include the leading slash in all your request matcher patterns. In future versions of Spring Security, leaving out the leading slash will result in an exception.
2025-08-08 15:34:05 WARN  [main] org.hibernate.orm.deprecation - HHH90000025: MySQL8Dialect does not need to be specified explicitly using 'hibernate.dialect' (remove the property setting and it will be selected by default)
2025-08-08 15:34:05 WARN  [main] org.hibernate.orm.deprecation - HHH90000026: MySQL8Dialect has been deprecated; use org.hibernate.dialect.MySQLDialect instead
2025-08-08 15:34:05 WARN  [main] org.hibernate.mapping.RootClass - HHH000038: Composite-id class does not override equals(): com.example.PPQ.Entity.Course_TeacherEntity
2025-08-08 15:34:05 WARN  [main] org.hibernate.mapping.RootClass - HHH000039: Composite-id class does not override hashCode(): com.example.PPQ.Entity.Course_TeacherEntity
2025-08-08 15:34:05 WARN  [main] org.hibernate.mapping.RootClass - HHH000038: Composite-id class does not override equals(): com.example.PPQ.Entity.Student_ClassEntity
2025-08-08 15:34:05 WARN  [main] org.hibernate.mapping.RootClass - HHH000039: Composite-id class does not override hashCode(): com.example.PPQ.Entity.Student_ClassEntity
2025-08-08 15:34:08 WARN  [main] o.s.b.a.o.j.JpaBaseConfiguration$JpaWebConfiguration - spring.jpa.open-in-view is enabled by default. Therefore, database queries may be performed during view rendering. Explicitly configure spring.jpa.open-in-view to disable this warning
2025-08-08 15:34:10 WARN  [main] o.s.w.s.r.ResourceHandlerUtils - Appended trailing slash to static resource location: file:D:/project_PPQ/upload/
2025-08-08 15:34:10 WARN  [main] o.s.s.c.a.w.c.AuthorizeHttpRequestsConfigurer$AuthorizationManagerRequestMatcherRegistry - One of the patterns in [/login, /register, courses/{courseId}, /otp/**] is missing a leading slash. This is discouraged; please include the leading slash in all your request matcher patterns. In future versions of Spring Security, leaving out the leading slash will result in an exception.
2025-08-08 15:43:04 WARN  [main] org.hibernate.orm.deprecation - HHH90000025: MySQL8Dialect does not need to be specified explicitly using 'hibernate.dialect' (remove the property setting and it will be selected by default)
2025-08-08 15:43:04 WARN  [main] org.hibernate.orm.deprecation - HHH90000026: MySQL8Dialect has been deprecated; use org.hibernate.dialect.MySQLDialect instead
2025-08-08 15:43:04 WARN  [main] org.hibernate.mapping.RootClass - HHH000038: Composite-id class does not override equals(): com.example.PPQ.Entity.Course_TeacherEntity
2025-08-08 15:43:04 WARN  [main] org.hibernate.mapping.RootClass - HHH000039: Composite-id class does not override hashCode(): com.example.PPQ.Entity.Course_TeacherEntity
2025-08-08 15:43:04 WARN  [main] org.hibernate.mapping.RootClass - HHH000038: Composite-id class does not override equals(): com.example.PPQ.Entity.Student_ClassEntity
2025-08-08 15:43:04 WARN  [main] org.hibernate.mapping.RootClass - HHH000039: Composite-id class does not override hashCode(): com.example.PPQ.Entity.Student_ClassEntity
2025-08-08 15:43:07 WARN  [main] o.s.b.a.o.j.JpaBaseConfiguration$JpaWebConfiguration - spring.jpa.open-in-view is enabled by default. Therefore, database queries may be performed during view rendering. Explicitly configure spring.jpa.open-in-view to disable this warning
2025-08-08 15:43:09 WARN  [main] o.s.w.s.r.ResourceHandlerUtils - Appended trailing slash to static resource location: file:D:/project_PPQ/upload/
2025-08-08 15:43:09 WARN  [main] o.s.s.c.a.w.c.AuthorizeHttpRequestsConfigurer$AuthorizationManagerRequestMatcherRegistry - One of the patterns in [/login, /register, courses/{courseId}, /otp/**] is missing a leading slash. This is discouraged; please include the leading slash in all your request matcher patterns. In future versions of Spring Security, leaving out the leading slash will result in an exception.
2025-08-08 15:58:19 WARN  [main] org.hibernate.orm.deprecation - HHH90000025: MySQL8Dialect does not need to be specified explicitly using 'hibernate.dialect' (remove the property setting and it will be selected by default)
2025-08-08 15:58:19 WARN  [main] org.hibernate.orm.deprecation - HHH90000026: MySQL8Dialect has been deprecated; use org.hibernate.dialect.MySQLDialect instead
2025-08-08 15:58:19 WARN  [main] org.hibernate.mapping.RootClass - HHH000038: Composite-id class does not override equals(): com.example.PPQ.Entity.Course_TeacherEntity
2025-08-08 15:58:19 WARN  [main] org.hibernate.mapping.RootClass - HHH000039: Composite-id class does not override hashCode(): com.example.PPQ.Entity.Course_TeacherEntity
2025-08-08 15:58:19 WARN  [main] org.hibernate.mapping.RootClass - HHH000038: Composite-id class does not override equals(): com.example.PPQ.Entity.Student_ClassEntity
2025-08-08 15:58:19 WARN  [main] org.hibernate.mapping.RootClass - HHH000039: Composite-id class does not override hashCode(): com.example.PPQ.Entity.Student_ClassEntity
2025-08-08 15:58:22 WARN  [main] o.s.b.a.o.j.JpaBaseConfiguration$JpaWebConfiguration - spring.jpa.open-in-view is enabled by default. Therefore, database queries may be performed during view rendering. Explicitly configure spring.jpa.open-in-view to disable this warning
2025-08-08 15:58:24 WARN  [main] o.s.w.s.r.ResourceHandlerUtils - Appended trailing slash to static resource location: file:D:/project_PPQ/upload/
2025-08-08 15:58:24 WARN  [main] o.s.s.c.a.w.c.AuthorizeHttpRequestsConfigurer$AuthorizationManagerRequestMatcherRegistry - One of the patterns in [/login, /register, courses/{courseId}, /otp/**] is missing a leading slash. This is discouraged; please include the leading slash in all your request matcher patterns. In future versions of Spring Security, leaving out the leading slash will result in an exception.
2025-08-08 16:00:17 WARN  [http-nio-8080-exec-4] o.h.e.jdbc.spi.SqlExceptionHelper - SQL Error: 1452, SQLState: 23000
2025-08-08 16:02:24 WARN  [main] org.hibernate.orm.deprecation - HHH90000025: MySQL8Dialect does not need to be specified explicitly using 'hibernate.dialect' (remove the property setting and it will be selected by default)
2025-08-08 16:02:24 WARN  [main] org.hibernate.orm.deprecation - HHH90000026: MySQL8Dialect has been deprecated; use org.hibernate.dialect.MySQLDialect instead
2025-08-08 16:02:25 WARN  [main] org.hibernate.mapping.RootClass - HHH000038: Composite-id class does not override equals(): com.example.PPQ.Entity.Course_TeacherEntity
2025-08-08 16:02:25 WARN  [main] org.hibernate.mapping.RootClass - HHH000039: Composite-id class does not override hashCode(): com.example.PPQ.Entity.Course_TeacherEntity
2025-08-08 16:02:25 WARN  [main] org.hibernate.mapping.RootClass - HHH000038: Composite-id class does not override equals(): com.example.PPQ.Entity.Student_ClassEntity
2025-08-08 16:02:25 WARN  [main] org.hibernate.mapping.RootClass - HHH000039: Composite-id class does not override hashCode(): com.example.PPQ.Entity.Student_ClassEntity
2025-08-08 16:02:27 WARN  [main] o.s.b.a.o.j.JpaBaseConfiguration$JpaWebConfiguration - spring.jpa.open-in-view is enabled by default. Therefore, database queries may be performed during view rendering. Explicitly configure spring.jpa.open-in-view to disable this warning
2025-08-08 16:02:29 WARN  [main] o.s.w.s.r.ResourceHandlerUtils - Appended trailing slash to static resource location: file:D:/project_PPQ/upload/
2025-08-08 16:02:29 WARN  [main] o.s.s.c.a.w.c.AuthorizeHttpRequestsConfigurer$AuthorizationManagerRequestMatcherRegistry - One of the patterns in [/login, /register, courses/{courseId}, /otp/**] is missing a leading slash. This is discouraged; please include the leading slash in all your request matcher patterns. In future versions of Spring Security, leaving out the leading slash will result in an exception.
2025-08-08 16:02:33 WARN  [http-nio-8080-exec-1] o.h.e.jdbc.spi.SqlExceptionHelper - SQL Error: 1452, SQLState: 23000
2025-08-08 16:02:55 WARN  [main] org.hibernate.orm.deprecation - HHH90000025: MySQL8Dialect does not need to be specified explicitly using 'hibernate.dialect' (remove the property setting and it will be selected by default)
2025-08-08 16:02:55 WARN  [main] org.hibernate.orm.deprecation - HHH90000026: MySQL8Dialect has been deprecated; use org.hibernate.dialect.MySQLDialect instead
2025-08-08 16:02:55 WARN  [main] org.hibernate.mapping.RootClass - HHH000038: Composite-id class does not override equals(): com.example.PPQ.Entity.Course_TeacherEntity
2025-08-08 16:02:55 WARN  [main] org.hibernate.mapping.RootClass - HHH000039: Composite-id class does not override hashCode(): com.example.PPQ.Entity.Course_TeacherEntity
2025-08-08 16:02:55 WARN  [main] org.hibernate.mapping.RootClass - HHH000038: Composite-id class does not override equals(): com.example.PPQ.Entity.Student_ClassEntity
2025-08-08 16:02:55 WARN  [main] org.hibernate.mapping.RootClass - HHH000039: Composite-id class does not override hashCode(): com.example.PPQ.Entity.Student_ClassEntity
2025-08-08 16:02:58 WARN  [main] o.s.b.a.o.j.JpaBaseConfiguration$JpaWebConfiguration - spring.jpa.open-in-view is enabled by default. Therefore, database queries may be performed during view rendering. Explicitly configure spring.jpa.open-in-view to disable this warning
2025-08-08 16:03:00 WARN  [main] o.s.w.s.r.ResourceHandlerUtils - Appended trailing slash to static resource location: file:D:/project_PPQ/upload/
2025-08-08 16:03:00 WARN  [main] o.s.s.c.a.w.c.AuthorizeHttpRequestsConfigurer$AuthorizationManagerRequestMatcherRegistry - One of the patterns in [/login, /register, courses/{courseId}, /otp/**] is missing a leading slash. This is discouraged; please include the leading slash in all your request matcher patterns. In future versions of Spring Security, leaving out the leading slash will result in an exception.
2025-08-08 16:41:29 WARN  [main] org.hibernate.orm.deprecation - HHH90000025: MySQL8Dialect does not need to be specified explicitly using 'hibernate.dialect' (remove the property setting and it will be selected by default)
2025-08-08 16:41:29 WARN  [main] org.hibernate.orm.deprecation - HHH90000026: MySQL8Dialect has been deprecated; use org.hibernate.dialect.MySQLDialect instead
2025-08-08 16:41:29 WARN  [main] org.hibernate.mapping.RootClass - HHH000038: Composite-id class does not override equals(): com.example.PPQ.Entity.Student_ClassEntity
2025-08-08 16:41:29 WARN  [main] org.hibernate.mapping.RootClass - HHH000039: Composite-id class does not override hashCode(): com.example.PPQ.Entity.Student_ClassEntity
2025-08-08 16:41:32 WARN  [main] o.s.b.a.o.j.JpaBaseConfiguration$JpaWebConfiguration - spring.jpa.open-in-view is enabled by default. Therefore, database queries may be performed during view rendering. Explicitly configure spring.jpa.open-in-view to disable this warning
2025-08-08 16:41:34 WARN  [main] o.s.w.s.r.ResourceHandlerUtils - Appended trailing slash to static resource location: file:D:/project_PPQ/upload/
2025-08-08 16:41:34 WARN  [main] o.s.s.c.a.w.c.AuthorizeHttpRequestsConfigurer$AuthorizationManagerRequestMatcherRegistry - One of the patterns in [/login, /register, courses/{courseId}, /otp/**] is missing a leading slash. This is discouraged; please include the leading slash in all your request matcher patterns. In future versions of Spring Security, leaving out the leading slash will result in an exception.
2025-08-08 16:56:07 WARN  [main] org.hibernate.orm.deprecation - HHH90000025: MySQL8Dialect does not need to be specified explicitly using 'hibernate.dialect' (remove the property setting and it will be selected by default)
2025-08-08 16:56:07 WARN  [main] org.hibernate.orm.deprecation - HHH90000026: MySQL8Dialect has been deprecated; use org.hibernate.dialect.MySQLDialect instead
2025-08-08 16:56:07 WARN  [main] org.hibernate.mapping.RootClass - HHH000038: Composite-id class does not override equals(): com.example.PPQ.Entity.Student_ClassEntity
2025-08-08 16:56:07 WARN  [main] org.hibernate.mapping.RootClass - HHH000039: Composite-id class does not override hashCode(): com.example.PPQ.Entity.Student_ClassEntity
2025-08-08 16:56:10 WARN  [main] o.s.b.a.o.j.JpaBaseConfiguration$JpaWebConfiguration - spring.jpa.open-in-view is enabled by default. Therefore, database queries may be performed during view rendering. Explicitly configure spring.jpa.open-in-view to disable this warning
2025-08-08 16:56:13 WARN  [main] o.s.w.s.r.ResourceHandlerUtils - Appended trailing slash to static resource location: file:D:/project_PPQ/upload/
2025-08-08 16:56:13 WARN  [main] o.s.s.c.a.w.c.AuthorizeHttpRequestsConfigurer$AuthorizationManagerRequestMatcherRegistry - One of the patterns in [/login, /register, courses/{courseId}, /otp/**] is missing a leading slash. This is discouraged; please include the leading slash in all your request matcher patterns. In future versions of Spring Security, leaving out the leading slash will result in an exception.
2025-08-08 16:58:48 WARN  [main] org.hibernate.orm.deprecation - HHH90000025: MySQL8Dialect does not need to be specified explicitly using 'hibernate.dialect' (remove the property setting and it will be selected by default)
2025-08-08 16:58:48 WARN  [main] org.hibernate.orm.deprecation - HHH90000026: MySQL8Dialect has been deprecated; use org.hibernate.dialect.MySQLDialect instead
2025-08-08 16:58:49 WARN  [main] org.hibernate.mapping.RootClass - HHH000038: Composite-id class does not override equals(): com.example.PPQ.Entity.Student_ClassEntity
2025-08-08 16:58:49 WARN  [main] org.hibernate.mapping.RootClass - HHH000039: Composite-id class does not override hashCode(): com.example.PPQ.Entity.Student_ClassEntity
2025-08-08 16:58:51 WARN  [main] o.s.b.a.o.j.JpaBaseConfiguration$JpaWebConfiguration - spring.jpa.open-in-view is enabled by default. Therefore, database queries may be performed during view rendering. Explicitly configure spring.jpa.open-in-view to disable this warning
2025-08-08 16:58:53 WARN  [main] o.s.w.s.r.ResourceHandlerUtils - Appended trailing slash to static resource location: file:D:/project_PPQ/upload/
2025-08-08 16:58:53 WARN  [main] o.s.s.c.a.w.c.AuthorizeHttpRequestsConfigurer$AuthorizationManagerRequestMatcherRegistry - One of the patterns in [/login, /register, courses/{courseId}, /otp/**] is missing a leading slash. This is discouraged; please include the leading slash in all your request matcher patterns. In future versions of Spring Security, leaving out the leading slash will result in an exception.
2025-08-08 17:09:20 WARN  [main] org.hibernate.orm.deprecation - HHH90000025: MySQL8Dialect does not need to be specified explicitly using 'hibernate.dialect' (remove the property setting and it will be selected by default)
2025-08-08 17:09:20 WARN  [main] org.hibernate.orm.deprecation - HHH90000026: MySQL8Dialect has been deprecated; use org.hibernate.dialect.MySQLDialect instead
2025-08-08 17:09:20 WARN  [main] org.hibernate.mapping.RootClass - HHH000038: Composite-id class does not override equals(): com.example.PPQ.Entity.Student_ClassEntity
2025-08-08 17:09:20 WARN  [main] org.hibernate.mapping.RootClass - HHH000039: Composite-id class does not override hashCode(): com.example.PPQ.Entity.Student_ClassEntity
2025-08-08 17:09:23 WARN  [main] o.s.b.a.o.j.JpaBaseConfiguration$JpaWebConfiguration - spring.jpa.open-in-view is enabled by default. Therefore, database queries may be performed during view rendering. Explicitly configure spring.jpa.open-in-view to disable this warning
2025-08-08 17:09:25 WARN  [main] o.s.w.s.r.ResourceHandlerUtils - Appended trailing slash to static resource location: file:D:/project_PPQ/upload/
2025-08-08 17:09:25 WARN  [main] o.s.s.c.a.w.c.AuthorizeHttpRequestsConfigurer$AuthorizationManagerRequestMatcherRegistry - One of the patterns in [/login, /register, courses/{courseId}, /otp/**] is missing a leading slash. This is discouraged; please include the leading slash in all your request matcher patterns. In future versions of Spring Security, leaving out the leading slash will result in an exception.
2025-08-08 20:51:20 WARN  [main] org.hibernate.orm.deprecation - HHH90000025: MySQL8Dialect does not need to be specified explicitly using 'hibernate.dialect' (remove the property setting and it will be selected by default)
2025-08-08 20:51:20 WARN  [main] org.hibernate.orm.deprecation - HHH90000026: MySQL8Dialect has been deprecated; use org.hibernate.dialect.MySQLDialect instead
2025-08-08 20:51:20 WARN  [main] org.hibernate.mapping.RootClass - HHH000038: Composite-id class does not override equals(): com.example.PPQ.Entity.Student_ClassEntity
2025-08-08 20:51:20 WARN  [main] org.hibernate.mapping.RootClass - HHH000039: Composite-id class does not override hashCode(): com.example.PPQ.Entity.Student_ClassEntity
2025-08-08 20:51:23 WARN  [main] o.s.b.a.o.j.JpaBaseConfiguration$JpaWebConfiguration - spring.jpa.open-in-view is enabled by default. Therefore, database queries may be performed during view rendering. Explicitly configure spring.jpa.open-in-view to disable this warning
2025-08-08 20:51:25 WARN  [main] o.s.w.s.r.ResourceHandlerUtils - Appended trailing slash to static resource location: file:D:/project_PPQ/upload/
2025-08-08 20:51:25 WARN  [main] o.s.s.c.a.w.c.AuthorizeHttpRequestsConfigurer$AuthorizationManagerRequestMatcherRegistry - One of the patterns in [/login, /register, courses/{courseId}, /otp/**] is missing a leading slash. This is discouraged; please include the leading slash in all your request matcher patterns. In future versions of Spring Security, leaving out the leading slash will result in an exception.
2025-08-08 21:08:14 WARN  [main] org.hibernate.orm.deprecation - HHH90000025: MySQL8Dialect does not need to be specified explicitly using 'hibernate.dialect' (remove the property setting and it will be selected by default)
2025-08-08 21:08:14 WARN  [main] org.hibernate.orm.deprecation - HHH90000026: MySQL8Dialect has been deprecated; use org.hibernate.dialect.MySQLDialect instead
2025-08-08 21:08:15 WARN  [main] org.hibernate.mapping.RootClass - HHH000038: Composite-id class does not override equals(): com.example.PPQ.Entity.Student_ClassEntity
2025-08-08 21:08:15 WARN  [main] org.hibernate.mapping.RootClass - HHH000039: Composite-id class does not override hashCode(): com.example.PPQ.Entity.Student_ClassEntity
2025-08-08 21:08:17 WARN  [main] o.s.b.a.o.j.JpaBaseConfiguration$JpaWebConfiguration - spring.jpa.open-in-view is enabled by default. Therefore, database queries may be performed during view rendering. Explicitly configure spring.jpa.open-in-view to disable this warning
2025-08-08 21:08:20 WARN  [main] o.s.w.s.r.ResourceHandlerUtils - Appended trailing slash to static resource location: file:D:/project_PPQ/upload/
2025-08-08 21:08:20 WARN  [main] o.s.s.c.a.w.c.AuthorizeHttpRequestsConfigurer$AuthorizationManagerRequestMatcherRegistry - One of the patterns in [/login, /register, courses/{courseId}, /otp/**] is missing a leading slash. This is discouraged; please include the leading slash in all your request matcher patterns. In future versions of Spring Security, leaving out the leading slash will result in an exception.
2025-08-08 22:17:43 WARN  [main] org.hibernate.orm.deprecation - HHH90000025: MySQL8Dialect does not need to be specified explicitly using 'hibernate.dialect' (remove the property setting and it will be selected by default)
2025-08-08 22:17:43 WARN  [main] org.hibernate.orm.deprecation - HHH90000026: MySQL8Dialect has been deprecated; use org.hibernate.dialect.MySQLDialect instead
2025-08-08 22:17:43 WARN  [main] org.hibernate.mapping.RootClass - HHH000038: Composite-id class does not override equals(): com.example.PPQ.Entity.Student_ClassEntity
2025-08-08 22:17:43 WARN  [main] org.hibernate.mapping.RootClass - HHH000039: Composite-id class does not override hashCode(): com.example.PPQ.Entity.Student_ClassEntity
2025-08-08 22:17:46 WARN  [main] o.s.b.a.o.j.JpaBaseConfiguration$JpaWebConfiguration - spring.jpa.open-in-view is enabled by default. Therefore, database queries may be performed during view rendering. Explicitly configure spring.jpa.open-in-view to disable this warning
2025-08-08 22:17:48 WARN  [main] o.s.w.s.r.ResourceHandlerUtils - Appended trailing slash to static resource location: file:D:/project_PPQ/upload/
2025-08-08 22:17:48 WARN  [main] o.s.s.c.a.w.c.AuthorizeHttpRequestsConfigurer$AuthorizationManagerRequestMatcherRegistry - One of the patterns in [/login, /register, courses/{courseId}, /otp/**] is missing a leading slash. This is discouraged; please include the leading slash in all your request matcher patterns. In future versions of Spring Security, leaving out the leading slash will result in an exception.
2025-08-08 22:22:50 WARN  [main] org.hibernate.orm.deprecation - HHH90000025: MySQL8Dialect does not need to be specified explicitly using 'hibernate.dialect' (remove the property setting and it will be selected by default)
2025-08-08 22:22:50 WARN  [main] org.hibernate.orm.deprecation - HHH90000026: MySQL8Dialect has been deprecated; use org.hibernate.dialect.MySQLDialect instead
2025-08-08 22:22:50 WARN  [main] org.hibernate.mapping.RootClass - HHH000038: Composite-id class does not override equals(): com.example.PPQ.Entity.Student_ClassEntity
2025-08-08 22:22:50 WARN  [main] org.hibernate.mapping.RootClass - HHH000039: Composite-id class does not override hashCode(): com.example.PPQ.Entity.Student_ClassEntity
2025-08-08 22:22:53 WARN  [main] o.s.b.a.o.j.JpaBaseConfiguration$JpaWebConfiguration - spring.jpa.open-in-view is enabled by default. Therefore, database queries may be performed during view rendering. Explicitly configure spring.jpa.open-in-view to disable this warning
2025-08-08 22:22:55 WARN  [main] o.s.w.s.r.ResourceHandlerUtils - Appended trailing slash to static resource location: file:D:/project_PPQ/upload/
2025-08-08 22:22:55 WARN  [main] o.s.s.c.a.w.c.AuthorizeHttpRequestsConfigurer$AuthorizationManagerRequestMatcherRegistry - One of the patterns in [/login, /register, courses/{courseId}, /otp/**] is missing a leading slash. This is discouraged; please include the leading slash in all your request matcher patterns. In future versions of Spring Security, leaving out the leading slash will result in an exception.
2025-08-08 22:24:20 WARN  [main] org.hibernate.orm.deprecation - HHH90000025: MySQL8Dialect does not need to be specified explicitly using 'hibernate.dialect' (remove the property setting and it will be selected by default)
2025-08-08 22:24:20 WARN  [main] org.hibernate.orm.deprecation - HHH90000026: MySQL8Dialect has been deprecated; use org.hibernate.dialect.MySQLDialect instead
2025-08-08 22:24:20 WARN  [main] org.hibernate.mapping.RootClass - HHH000038: Composite-id class does not override equals(): com.example.PPQ.Entity.Student_ClassEntity
2025-08-08 22:24:20 WARN  [main] org.hibernate.mapping.RootClass - HHH000039: Composite-id class does not override hashCode(): com.example.PPQ.Entity.Student_ClassEntity
2025-08-08 22:24:23 WARN  [main] o.s.b.a.o.j.JpaBaseConfiguration$JpaWebConfiguration - spring.jpa.open-in-view is enabled by default. Therefore, database queries may be performed during view rendering. Explicitly configure spring.jpa.open-in-view to disable this warning
2025-08-08 22:24:25 WARN  [main] o.s.w.s.r.ResourceHandlerUtils - Appended trailing slash to static resource location: file:D:/project_PPQ/upload/
2025-08-08 22:24:25 WARN  [main] o.s.s.c.a.w.c.AuthorizeHttpRequestsConfigurer$AuthorizationManagerRequestMatcherRegistry - One of the patterns in [/login, /register, courses/{courseId}, /otp/**] is missing a leading slash. This is discouraged; please include the leading slash in all your request matcher patterns. In future versions of Spring Security, leaving out the leading slash will result in an exception.
